#
# There is insufficient memory for the Java Runtime Environment to continue.
# Native memory allocation (mmap) failed to map 534773760 bytes for Failed to commit area from 0x0000000603800000 to 0x0000000623600000 of length 534773760.
# Possible reasons:
#   The system is out of physical RAM or swap space
#   The process is running with CompressedOops enabled, and the Java Heap may be blocking the growth of the native heap
# Possible solutions:
#   Reduce memory load on the system
#   Increase physical memory or swap space
#   Check if swap backing store is full
#   Decrease Java heap size (-Xmx/-Xms)
#   Decrease number of Java threads
#   Decrease Java thread stack sizes (-Xss)
#   Set larger code cache with -XX:ReservedCodeCacheSize=
# This output file may be truncated or incomplete.
#
#  Out of Memory Error (./src/hotspot/os/windows/os_windows.cpp:3521), pid=39356, tid=15636
#
# JRE version:  (11.0.12+7) (build )
# Java VM: OpenJDK 64-Bit Server VM (11.0.12+7-b1504.28-7817840, mixed mode, sharing, tiered, compressed oops, g1 gc, windows-amd64)
# No core dump will be written. Minidumps are not enabled by default on client versions of Windows
#

---------------  S U M M A R Y ------------

Command Line: org.jetbrains.kotlin.cli.jvm.K2JVMCompiler @D:\Projects\Android\Blog_LR_Android\app\build\20220728_2763845786688627552.compiler.options

Host: 12th Gen Intel(R) Core(TM) i5-12600K, 16 cores, 31G,  Windows 10 , 64 bit Build 22000 (10.0.22000.708)
Time: Thu Jul 28 23:48:48 2022 대한민국 표준시 elapsed time: 0.006091 seconds (0d 0h 0m 0s)

---------------  T H R E A D  ---------------

Current thread (0x000001eb0b64f000):  JavaThread "Unknown thread" [_thread_in_vm, id=15636, stack(0x0000003db7e00000,0x0000003db7f00000)]

Stack: [0x0000003db7e00000,0x0000003db7f00000]
Native frames: (J=compiled Java code, j=interpreted, Vv=VM code, C=native code)
V  [jvm.dll+0x5fbcea]
V  [jvm.dll+0x731905]
V  [jvm.dll+0x732f1d]
V  [jvm.dll+0x7335d3]
V  [jvm.dll+0x247bf8]
V  [jvm.dll+0x5f90b4]
V  [jvm.dll+0x5edc85]
V  [jvm.dll+0x305aeb]
V  [jvm.dll+0x305a5a]
V  [jvm.dll+0x305932]
V  [jvm.dll+0x30a896]
V  [jvm.dll+0x353803]
V  [jvm.dll+0x353f06]
V  [jvm.dll+0x353903]
V  [jvm.dll+0x2e0678]
V  [jvm.dll+0x2e1827]
V  [jvm.dll+0x710037]
V  [jvm.dll+0x71182c]
V  [jvm.dll+0x360da9]
V  [jvm.dll+0x6f390e]
V  [jvm.dll+0x3c9723]
V  [jvm.dll+0x3cb9b1]
C  [jli.dll+0x536b]
C  [ucrtbase.dll+0x26c0c]
C  [KERNEL32.DLL+0x154e0]
C  [ntdll.dll+0x485b]


---------------  P R O C E S S  ---------------

Threads class SMR info:
_java_thread_list=0x000001eb093f4430, length=0, elements={
}

Java Threads: ( => current thread )

Other Threads:
  0x000001eb0b668000 GCTaskThread "GC Thread#0" [stack: 0x0000003db7f00000,0x0000003db8000000] [id=29588]
  0x000001eb0b6e7000 ConcurrentGCThread "G1 Main Marker" [stack: 0x0000003db8000000,0x0000003db8100000] [id=40136]
  0x000001eb0b6e9000 ConcurrentGCThread "G1 Conc#0" [stack: 0x0000003db8100000,0x0000003db8200000] [id=32608]

[error occurred during error reporting (printing all threads), id 0xc0000005, EXCEPTION_ACCESS_VIOLATION (0xc0000005) at pc=0x00007ffd86760be7]

VM state:not at safepoint (not fully initialized)

VM Mutex/Monitor currently owned by a thread:  ([mutex/lock_event])
[0x000001eb0b64cd10] Heap_lock - owner thread: 0x000001eb0b64f000

Heap address: 0x0000000603800000, size: 8136 MB, Compressed Oops mode: Non-zero based: 0x0000000603800000
Narrow klass base: 0x0000000000000000, Narrow klass shift: 0

GC Heap History (0 events):
No events

Deoptimization events (0 events):
No events

Classes redefined (0 events):
No events

Internal exceptions (0 events):
No events

Events (1 events):
Event: 0.004 Loaded shared library C:\Users\yymin\AppData\Local\JetBrains\Toolbox\apps\AndroidStudio\ch-0\212.5712.43.2112.8512546\jre\bin\zip.dll


Dynamic libraries:
0x00007ff6ed2b0000 - 0x00007ff6ed2ba000 	C:\Users\yymin\AppData\Local\JetBrains\Toolbox\apps\AndroidStudio\ch-0\212.5712.43.2112.8512546\jre\bin\java.exe
0x00007ffe38c60000 - 0x00007ffe38e69000 	C:\Windows\SYSTEM32\ntdll.dll
0x00007ffe37900000 - 0x00007ffe379bd000 	C:\Windows\System32\KERNEL32.DLL
0x00007ffe366b0000 - 0x00007ffe36a2d000 	C:\Windows\System32\KERNELBASE.dll
0x00007ffe36230000 - 0x00007ffe36341000 	C:\Windows\System32\ucrtbase.dll
0x00007ffe2eeb0000 - 0x00007ffe2eec7000 	C:\Users\yymin\AppData\Local\JetBrains\Toolbox\apps\AndroidStudio\ch-0\212.5712.43.2112.8512546\jre\bin\VCRUNTIME140.dll
0x00007ffe2fac0000 - 0x00007ffe2fad9000 	C:\Users\yymin\AppData\Local\JetBrains\Toolbox\apps\AndroidStudio\ch-0\212.5712.43.2112.8512546\jre\bin\jli.dll
0x00007ffe37470000 - 0x00007ffe3761d000 	C:\Windows\System32\USER32.dll
0x00007ffe202e0000 - 0x00007ffe20585000 	C:\Windows\WinSxS\amd64_microsoft.windows.common-controls_6595b64144ccf1df_6.0.22000.120_none_9d947278b86cc467\COMCTL32.dll
0x00007ffe363f0000 - 0x00007ffe36416000 	C:\Windows\System32\win32u.dll
0x00007ffe373b0000 - 0x00007ffe37453000 	C:\Windows\System32\msvcrt.dll
0x00007ffe38930000 - 0x00007ffe38959000 	C:\Windows\System32\GDI32.dll
0x00007ffe36420000 - 0x00007ffe36538000 	C:\Windows\System32\gdi32full.dll
0x00007ffe36350000 - 0x00007ffe363ed000 	C:\Windows\System32\msvcp_win.dll
0x00007ffe387b0000 - 0x00007ffe387e1000 	C:\Windows\System32\IMM32.DLL
0x00007ffe0dc00000 - 0x00007ffe0dc9d000 	C:\Users\yymin\AppData\Local\JetBrains\Toolbox\apps\AndroidStudio\ch-0\212.5712.43.2112.8512546\jre\bin\msvcp140.dll
0x00007ffd86470000 - 0x00007ffd86f55000 	C:\Users\yymin\AppData\Local\JetBrains\Toolbox\apps\AndroidStudio\ch-0\212.5712.43.2112.8512546\jre\bin\server\jvm.dll
0x00007ffe372a0000 - 0x00007ffe3734e000 	C:\Windows\System32\ADVAPI32.dll
0x00007ffe379c0000 - 0x00007ffe37a5e000 	C:\Windows\System32\sechost.dll
0x00007ffe38960000 - 0x00007ffe38a80000 	C:\Windows\System32\RPCRT4.dll
0x00007ffe38920000 - 0x00007ffe38928000 	C:\Windows\System32\PSAPI.DLL
0x00007ffe305a0000 - 0x00007ffe305aa000 	C:\Windows\SYSTEM32\VERSION.dll
0x00007ffe27d50000 - 0x00007ffe27d83000 	C:\Windows\SYSTEM32\WINMM.dll
0x00007ffe245c0000 - 0x00007ffe245c9000 	C:\Windows\SYSTEM32\WSOCK32.dll
0x00007ffe37620000 - 0x00007ffe3768f000 	C:\Windows\System32\WS2_32.dll
0x00007ffe35280000 - 0x00007ffe35298000 	C:\Windows\SYSTEM32\kernel.appcore.dll
0x00007ffe2d980000 - 0x00007ffe2d991000 	C:\Users\yymin\AppData\Local\JetBrains\Toolbox\apps\AndroidStudio\ch-0\212.5712.43.2112.8512546\jre\bin\verify.dll
0x00007ffe2f710000 - 0x00007ffe2f931000 	C:\Windows\SYSTEM32\DBGHELP.DLL
0x00007ffe2f680000 - 0x00007ffe2f6b1000 	C:\Windows\SYSTEM32\dbgcore.DLL
0x00007ffe361b0000 - 0x00007ffe3622f000 	C:\Windows\System32\bcryptPrimitives.dll
0x00007ffe2b3e0000 - 0x00007ffe2b409000 	C:\Users\yymin\AppData\Local\JetBrains\Toolbox\apps\AndroidStudio\ch-0\212.5712.43.2112.8512546\jre\bin\java.dll
0x00007ffe2fb00000 - 0x00007ffe2fb0b000 	C:\Users\yymin\AppData\Local\JetBrains\Toolbox\apps\AndroidStudio\ch-0\212.5712.43.2112.8512546\jre\bin\jimage.dll
0x00007ffe2d930000 - 0x00007ffe2d948000 	C:\Users\yymin\AppData\Local\JetBrains\Toolbox\apps\AndroidStudio\ch-0\212.5712.43.2112.8512546\jre\bin\zip.dll

dbghelp: loaded successfully - version: 4.0.5 - missing functions: none
symbol engine: initialized successfully - sym options: 0x614 - pdb path: .;C:\Users\yymin\AppData\Local\JetBrains\Toolbox\apps\AndroidStudio\ch-0\212.5712.43.2112.8512546\jre\bin;C:\Windows\SYSTEM32;C:\Windows\WinSxS\amd64_microsoft.windows.common-controls_6595b64144ccf1df_6.0.22000.120_none_9d947278b86cc467;C:\Users\yymin\AppData\Local\JetBrains\Toolbox\apps\AndroidStudio\ch-0\212.5712.43.2112.8512546\jre\bin\server

VM Arguments:
java_command: org.jetbrains.kotlin.cli.jvm.K2JVMCompiler @D:\Projects\Android\Blog_LR_Android\app\build\20220728_2763845786688627552.compiler.options
java_class_path (initial): C:\Users\yymin\.gradle\caches\modules-2\files-2.1\org.jetbrains.kotlin\kotlin-compiler-embeddable\1.5.31\cc18c29253541dc57c25c3ef514d63c7953ae1a6\kotlin-compiler-embeddable-1.5.31.jar;C:\Users\yymin\.gradle\caches\modules-2\files-2.1\org.jetbrains.kotlin\kotlin-reflect\1.5.31\1523fcd842a47da0820cea772b19c51056fec8a9\kotlin-reflect-1.5.31.jar;C:\Users\yymin\.gradle\caches\modules-2\files-2.1\org.jetbrains.kotlin\kotlin-stdlib\1.5.31\6628d61d0f5603568e72d2d5915d2c034b4f1c55\kotlin-stdlib-1.5.31.jar;C:\Users\yymin\.gradle\caches\modules-2\files-2.1\org.jetbrains.kotlin\kotlin-script-runtime\1.5.31\aaea854be2cfc06373dfc11be5a6ba9ca5ca84a6\kotlin-script-runtime-1.5.31.jar;C:\Users\yymin\.gradle\caches\modules-2\files-2.1\org.jetbrains.kotlin\kotlin-daemon-embeddable\1.5.31\d19b549661e28c62781683dc7c7e34bf416974f1\kotlin-daemon-embeddable-1.5.31.jar;C:\Users\yymin\.gradle\caches\modules-2\files-2.1\org.jetbrains.intellij.deps\trove4j\1.0.20181211\216c2e14b070f334479d800987affe4054cd563f\trove4j-1.0.20181211.jar;C:\Users\yymin\.gradle\caches\modules-2\files-2.1\org.jetbrains\annotations\13.0\919f0dfe192fb4e063e7dacadee7f8bb9a2672a9\annotations-13.0.jar;C:\Users\yymin\.gradle\caches\modules-2\files-2.1\org.jetbrains.kotlin\kotlin-stdlib-common\1.5.31\43331609c7de811fed085e0dfd150874b157c32\kotlin-stdlib-common-1.5.31.jar
Launcher Type: SUN_STANDARD

[Global flags]
     intx CICompilerCount                          = 12                                        {product} {ergonomic}
     uint ConcGCThreads                            = 3                                         {product} {ergonomic}
     uint G1ConcRefinementThreads                  = 13                                        {product} {ergonomic}
   size_t G1HeapRegionSize                         = 2097152                                   {product} {ergonomic}
    uintx GCDrainStackTargetSize                   = 64                                        {product} {ergonomic}
   size_t InitialHeapSize                          = 534773760                                 {product} {ergonomic}
   size_t MarkStackSize                            = 4194304                                   {product} {ergonomic}
   size_t MaxHeapSize                              = 8531214336                                {product} {ergonomic}
   size_t MinHeapDeltaBytes                        = 2097152                                   {product} {ergonomic}
    uintx NonNMethodCodeHeapSize                   = 7594288                                {pd product} {ergonomic}
    uintx NonProfiledCodeHeapSize                  = 122031976                              {pd product} {ergonomic}
    uintx ProfiledCodeHeapSize                     = 122031976                              {pd product} {ergonomic}
    uintx ReservedCodeCacheSize                    = 251658240                              {pd product} {ergonomic}
     bool SegmentedCodeCache                       = true                                      {product} {ergonomic}
     bool UseCompressedClassPointers               = true                                 {lp64_product} {ergonomic}
     bool UseCompressedOops                        = true                                 {lp64_product} {ergonomic}
     bool UseG1GC                                  = true                                      {product} {ergonomic}
     bool UseLargePagesIndividualAllocation        = false                                  {pd product} {ergonomic}

Logging:
Log output configuration:
 #0: stdout all=warning uptime,level,tags
 #1: stderr all=off uptime,level,tags

Environment Variables:
PATH=C:\Users\yymin\AppData\Local\Programs\Python\Python310\Scripts\;C:\Users\yymin\AppData\Local\Programs\Python\Python310\;C:\Program Files\Common Files\Oracle\Java\javapath;C:\Windows\system32;C:\Windows;C:\Windows\System32\Wbem;C:\Windows\System32\WindowsPowerShell\v1.0\;C:\Windows\System32\OpenSSH\;C:\Program Files (x86)\NVIDIA Corporation\PhysX\Common;C:\Program Files\dotnet\;C:\Program Files\usbipd-win\;C:\Program Files\Git\cmd;D:\SDK\Node.JS\;C:\ProgramData\chocolatey\bin;;C:\Program Files\NVIDIA Corporation\NVIDIA NvDLISR;C:\Program Files\PowerShell\7\;C:\Users\yymin\AppData\Local\Microsoft\WindowsApps;C:\Program Files\Bandizip\;C:\Users\yymin\.dotnet\tools;D:\SDK\Flutter\bin;D:\SDK\Android\platform-tools;C:\Users\yymin\AppData\Roaming\npm;D:\SDK\Node.JS;;C:\Users\yymin\AppData\Local\JetBrains\Toolbox\scripts
USERNAME=yymin
OS=Windows_NT
PROCESSOR_IDENTIFIER=Intel64 Family 6 Model 151 Stepping 2, GenuineIntel



---------------  S Y S T E M  ---------------

OS: Windows 10 , 64 bit Build 22000 (10.0.22000.708)
OS uptime: 4 days 1:43 hours
Hyper-V role detected

CPU:total 16 (initial active 16) (8 cores per cpu, 2 threads per core) family 6 model 151 stepping 2 microcode 0x18, cmov, cx8, fxsr, mmx, sse, sse2, sse3, ssse3, sse4.1, sse4.2, popcnt, avx, avx2, aes, clmul, erms, 3dnowpref, lzcnt, ht, tsc, tscinvbit, bmi1, bmi2, adx, sha, fma

Memory: 4k page, system-wide physical 32542M (15157M free)
TotalPageFile size 92065M (AvailPageFile size 39M)
current process WorkingSet (physical memory assigned to process): 10M, peak: 10M
current process commit charge ("private bytes"): 71M, peak: 581M

vm_info: OpenJDK 64-Bit Server VM (11.0.12+7-b1504.28-7817840) for windows-amd64 JRE (11.0.12+7-b1504.28-7817840), built on Oct 13 2021 22:12:33 by "builder" with MS VC++ 14.0 (VS2015)

END.
