#
# There is insufficient memory for the Java Runtime Environment to continue.
# Native memory allocation (malloc) failed to allocate 1125136 bytes for Chunk::new
# Possible reasons:
#   The system is out of physical RAM or swap space
#   The process is running with CompressedOops enabled, and the Java Heap may be blocking the growth of the native heap
# Possible solutions:
#   Reduce memory load on the system
#   Increase physical memory or swap space
#   Check if swap backing store is full
#   Decrease Java heap size (-Xmx/-Xms)
#   Decrease number of Java threads
#   Decrease Java thread stack sizes (-Xss)
#   Set larger code cache with -XX:ReservedCodeCacheSize=
#   JVM is running with Zero Based Compressed Oops mode in which the Java heap is
#     placed in the first 32GB address space. The Java Heap base address is the
#     maximum limit for the native heap growth. Please use -XX:HeapBaseMinAddress
#     to set the Java Heap base and to place the Java Heap above 32GB virtual address.
# This output file may be truncated or incomplete.
#
#  Out of Memory Error (./src/hotspot/share/memory/arena.cpp:197), pid=38376, tid=28656
#
# JRE version: OpenJDK Runtime Environment (11.0.12+7) (build 11.0.12+7-b1504.28-7817840)
# Java VM: OpenJDK 64-Bit Server VM (11.0.12+7-b1504.28-7817840, mixed mode, tiered, compressed oops, g1 gc, windows-amd64)
# No core dump will be written. Minidumps are not enabled by default on client versions of Windows
#

---------------  S U M M A R Y ------------

Command Line: org.jetbrains.kotlin.cli.jvm.K2JVMCompiler @D:\Projects\Android\Blog_LR_Android\app\build\20220729_12391091806061838478.compiler.options

Host: 12th Gen Intel(R) Core(TM) i5-12600K, 16 cores, 31G,  Windows 10 , 64 bit Build 22000 (10.0.22000.708)
Time: Fri Jul 29 00:12:02 2022 대한민국 표준시 elapsed time: 0.861642 seconds (0d 0h 0m 0s)

---------------  T H R E A D  ---------------

Current thread (0x000002295e4de800):  JavaThread "C2 CompilerThread0" daemon [_thread_in_native, id=28656, stack(0x0000004f86800000,0x0000004f86900000)]


Current CompileTask:
C2:    861 2281   !   4       jdk.internal.loader.BuiltinClassLoader::loadClassOrNull (143 bytes)

Stack: [0x0000004f86800000,0x0000004f86900000]
Native frames: (J=compiled Java code, j=interpreted, Vv=VM code, C=native code)
V  [jvm.dll+0x5fbcea]
V  [jvm.dll+0x731905]
V  [jvm.dll+0x732f1d]
V  [jvm.dll+0x7335d3]
V  [jvm.dll+0x247bf8]
V  [jvm.dll+0xc018c]
V  [jvm.dll+0xc06cc]
V  [jvm.dll+0x2bcc04]
V  [jvm.dll+0x5113a8]
V  [jvm.dll+0x208303]
V  [jvm.dll+0x201fe0]
V  [jvm.dll+0x1ff71f]
V  [jvm.dll+0x18868c]
V  [jvm.dll+0x20e0d7]
V  [jvm.dll+0x20c901]
V  [jvm.dll+0x6f9b7f]
V  [jvm.dll+0x6f26a5]
V  [jvm.dll+0x5fabf6]
C  [ucrtbase.dll+0x26c0c]
C  [KERNEL32.DLL+0x154e0]
C  [ntdll.dll+0x485b]


---------------  P R O C E S S  ---------------

Threads class SMR info:
_java_thread_list=0x000002295ebdbbc0, length=15, elements={
0x00000229347ff800, 0x000002295e43b800, 0x000002295e45d000, 0x000002295e4d3800,
0x000002295e4d4800, 0x000002295e4d5800, 0x000002295e4de800, 0x000002295e4e4800,
0x000002295e4e7800, 0x000002295e63e800, 0x000002295e669800, 0x000002295e66d800,
0x000002295e66e800, 0x000002295ebcd000, 0x000002295ebe4800
}

Java Threads: ( => current thread )
  0x00000229347ff800 JavaThread "main" [_thread_blocked, id=43140, stack(0x0000004f85c00000,0x0000004f85d00000)]
  0x000002295e43b800 JavaThread "Reference Handler" daemon [_thread_blocked, id=39524, stack(0x0000004f86300000,0x0000004f86400000)]
  0x000002295e45d000 JavaThread "Finalizer" daemon [_thread_blocked, id=35316, stack(0x0000004f86400000,0x0000004f86500000)]
  0x000002295e4d3800 JavaThread "Signal Dispatcher" daemon [_thread_blocked, id=15380, stack(0x0000004f86500000,0x0000004f86600000)]
  0x000002295e4d4800 JavaThread "Attach Listener" daemon [_thread_blocked, id=36352, stack(0x0000004f86600000,0x0000004f86700000)]
  0x000002295e4d5800 JavaThread "Service Thread" daemon [_thread_blocked, id=43176, stack(0x0000004f86700000,0x0000004f86800000)]
=>0x000002295e4de800 JavaThread "C2 CompilerThread0" daemon [_thread_in_native, id=28656, stack(0x0000004f86800000,0x0000004f86900000)]
  0x000002295e4e4800 JavaThread "C1 CompilerThread0" daemon [_thread_blocked, id=37948, stack(0x0000004f86900000,0x0000004f86a00000)]
  0x000002295e4e7800 JavaThread "Sweeper thread" daemon [_thread_blocked, id=41812, stack(0x0000004f86a00000,0x0000004f86b00000)]
  0x000002295e63e800 JavaThread "C1 CompilerThread1" daemon [_thread_blocked, id=36072, stack(0x0000004f86b00000,0x0000004f86c00000)]
  0x000002295e669800 JavaThread "Common-Cleaner" daemon [_thread_blocked, id=42484, stack(0x0000004f86d00000,0x0000004f86e00000)]
  0x000002295e66d800 JavaThread "C2 CompilerThread1" daemon [_thread_blocked, id=35128, stack(0x0000004f86e00000,0x0000004f86f00000)]
  0x000002295e66e800 JavaThread "C2 CompilerThread2" daemon [_thread_blocked, id=25660, stack(0x0000004f86f00000,0x0000004f87000000)]
  0x000002295ebcd000 JavaThread "C1 CompilerThread2" daemon [_thread_blocked, id=35800, stack(0x0000004f87000000,0x0000004f87100000)]
  0x000002295ebe4800 JavaThread "C1 CompilerThread3" daemon [_thread_blocked, id=28796, stack(0x0000004f87100000,0x0000004f87200000)]

Other Threads:
  0x000002295e43a800 VMThread "VM Thread" [stack: 0x0000004f86200000,0x0000004f86300000] [id=15180]
  0x000002295e661800 WatcherThread [stack: 0x0000004f86c00000,0x0000004f86d00000] [id=34192]
  0x0000022934817800 GCTaskThread "GC Thread#0" [stack: 0x0000004f85d00000,0x0000004f85e00000] [id=42528]
  0x000002295ecdf000 GCTaskThread "GC Thread#1" [stack: 0x0000004f87200000,0x0000004f87300000] [id=37996]
  0x000002295eca5000 GCTaskThread "GC Thread#2" [stack: 0x0000004f87300000,0x0000004f87400000] [id=9204]
  0x000002295ecbe800 GCTaskThread "GC Thread#3" [stack: 0x0000004f87400000,0x0000004f87500000] [id=9900]
  0x000002295ecbf000 GCTaskThread "GC Thread#4" [stack: 0x0000004f87500000,0x0000004f87600000] [id=16612]
  0x000002295ecf5800 GCTaskThread "GC Thread#5" [stack: 0x0000004f87600000,0x0000004f87700000] [id=43084]
  0x000002295ecf6000 GCTaskThread "GC Thread#6" [stack: 0x0000004f87700000,0x0000004f87800000] [id=42772]
  0x000002295ece6800 GCTaskThread "GC Thread#7" [stack: 0x0000004f87800000,0x0000004f87900000] [id=24424]
  0x000002295ed07800 GCTaskThread "GC Thread#8" [stack: 0x0000004f87900000,0x0000004f87a00000] [id=14152]
  0x000002295ed08000 GCTaskThread "GC Thread#9" [stack: 0x0000004f87a00000,0x0000004f87b00000] [id=42564]
  0x000002295ed09000 GCTaskThread "GC Thread#10" [stack: 0x0000004f87b00000,0x0000004f87c00000] [id=4856]
  0x000002295ed09800 GCTaskThread "GC Thread#11" [stack: 0x0000004f87c00000,0x0000004f87d00000] [id=26052]
  0x0000022934896800 ConcurrentGCThread "G1 Main Marker" [stack: 0x0000004f85e00000,0x0000004f85f00000] [id=13028]
  0x0000022934898800 ConcurrentGCThread "G1 Conc#0" [stack: 0x0000004f85f00000,0x0000004f86000000] [id=36364]
  0x000002295fd60000 ConcurrentGCThread "G1 Conc#1" [stack: 0x0000004f87d00000,0x0000004f87e00000] [id=41108]
  0x000002295fd63800 ConcurrentGCThread "G1 Conc#2" [stack: 0x0000004f87e00000,0x0000004f87f00000] [id=43720]
  0x000002295da94800 ConcurrentGCThread "G1 Refine#0" [stack: 0x0000004f86000000,0x0000004f86100000] [id=40664]
  0x000002295da97800 ConcurrentGCThread "G1 Young RemSet Sampling" [stack: 0x0000004f86100000,0x0000004f86200000] [id=31728]

Threads with active compile tasks:
C2 CompilerThread0    866 2281   !   4       jdk.internal.loader.BuiltinClassLoader::loadClassOrNull (143 bytes)

VM state:at safepoint (normal execution)

VM Mutex/Monitor currently owned by a thread:  ([mutex/lock_event])
[0x00000229347fb9a0] Threads_lock - owner thread: 0x000002295e43a800
[0x00000229347fc060] Heap_lock - owner thread: 0x00000229347ff800

Heap address: 0x0000000603800000, size: 8136 MB, Compressed Oops mode: Zero based, Oop shift amount: 3
Narrow klass base: 0x0000000800000000, Narrow klass shift: 0
Compressed class space size: 1073741824 Address: 0x0000000800000000

Heap:
 garbage-first heap   total 522240K, used 21144K [0x0000000603800000, 0x0000000800000000)
  region size 2048K, 4 young (8192K), 4 survivors (8192K)
 Metaspace       used 28805K, capacity 29334K, committed 29440K, reserved 1083392K
  class space    used 3151K, capacity 3317K, committed 3328K, reserved 1048576K
Heap Regions: E=young(eden), S=young(survivor), O=old, HS=humongous(starts), HC=humongous(continues), CS=collection set, F=free, A=archive, TAMS=top-at-mark-start (previous, next)
|   0|0x0000000603800000, 0x0000000603a00000, 0x0000000603a00000|100%|HS|  |TAMS 0x0000000603a00000, 0x0000000603a00000| Complete 
|   1|0x0000000603a00000, 0x0000000603c00000, 0x0000000603c00000|100%|HC|  |TAMS 0x0000000603c00000, 0x0000000603c00000| Complete 
|   2|0x0000000603c00000, 0x0000000603e00000, 0x0000000603e00000|100%|HS|  |TAMS 0x0000000603e00000, 0x0000000603e00000| Complete 
|   3|0x0000000603e00000, 0x0000000604000000, 0x0000000604000000|100%|HC|  |TAMS 0x0000000604000000, 0x0000000604000000| Complete 
|   4|0x0000000604000000, 0x0000000604200000, 0x0000000604200000|100%|HS|  |TAMS 0x0000000604200000, 0x0000000604200000| Complete 
|   5|0x0000000604200000, 0x0000000604400000, 0x0000000604400000|100%|HC|  |TAMS 0x0000000604400000, 0x0000000604400000| Complete 
|   6|0x0000000604400000, 0x0000000604600000, 0x0000000604600000|100%| O|  |TAMS 0x0000000604600000, 0x0000000604600000| Untracked 
|   7|0x0000000604600000, 0x0000000604690200, 0x0000000604800000| 28%| O|  |TAMS 0x0000000604690200, 0x0000000604690200| Untracked 
|   8|0x0000000604800000, 0x0000000604800000, 0x0000000604a00000|  0%| F|  |TAMS 0x0000000604800000, 0x0000000604800000| Untracked 
|   9|0x0000000604a00000, 0x0000000604a00000, 0x0000000604c00000|  0%| F|  |TAMS 0x0000000604a00000, 0x0000000604a00000| Untracked 
|  10|0x0000000604c00000, 0x0000000604c00000, 0x0000000604e00000|  0%| F|  |TAMS 0x0000000604c00000, 0x0000000604c00000| Untracked 
|  11|0x0000000604e00000, 0x0000000604e00000, 0x0000000605000000|  0%| F|  |TAMS 0x0000000604e00000, 0x0000000604e00000| Untracked 
|  12|0x0000000605000000, 0x0000000605000000, 0x0000000605200000|  0%| F|  |TAMS 0x0000000605000000, 0x0000000605000000| Untracked 
|  13|0x0000000605200000, 0x0000000605200000, 0x0000000605400000|  0%| F|  |TAMS 0x0000000605200000, 0x0000000605200000| Untracked 
|  14|0x0000000605400000, 0x0000000605400000, 0x0000000605600000|  0%| F|  |TAMS 0x0000000605400000, 0x0000000605400000| Untracked 
|  15|0x0000000605600000, 0x0000000605600000, 0x0000000605800000|  0%| F|  |TAMS 0x0000000605600000, 0x0000000605600000| Untracked 
|  16|0x0000000605800000, 0x0000000605800000, 0x0000000605a00000|  0%| F|  |TAMS 0x0000000605800000, 0x0000000605800000| Untracked 
|  17|0x0000000605a00000, 0x0000000605a00000, 0x0000000605c00000|  0%| F|  |TAMS 0x0000000605a00000, 0x0000000605a00000| Untracked 
|  18|0x0000000605c00000, 0x0000000605c00000, 0x0000000605e00000|  0%| F|  |TAMS 0x0000000605c00000, 0x0000000605c00000| Untracked 
|  19|0x0000000605e00000, 0x0000000605e00000, 0x0000000606000000|  0%| F|  |TAMS 0x0000000605e00000, 0x0000000605e00000| Untracked 
|  20|0x0000000606000000, 0x0000000606000000, 0x0000000606200000|  0%| F|  |TAMS 0x0000000606000000, 0x0000000606000000| Untracked 
|  21|0x0000000606200000, 0x0000000606200000, 0x0000000606400000|  0%| F|  |TAMS 0x0000000606200000, 0x0000000606200000| Untracked 
|  22|0x0000000606400000, 0x0000000606400000, 0x0000000606600000|  0%| F|  |TAMS 0x0000000606400000, 0x0000000606400000| Untracked 
|  23|0x0000000606600000, 0x0000000606600000, 0x0000000606800000|  0%| F|  |TAMS 0x0000000606600000, 0x0000000606600000| Untracked 
|  24|0x0000000606800000, 0x0000000606800000, 0x0000000606a00000|  0%| F|  |TAMS 0x0000000606800000, 0x0000000606800000| Untracked 
|  25|0x0000000606a00000, 0x0000000606a00000, 0x0000000606c00000|  0%| F|  |TAMS 0x0000000606a00000, 0x0000000606a00000| Untracked 
|  26|0x0000000606c00000, 0x0000000606c00000, 0x0000000606e00000|  0%| F|  |TAMS 0x0000000606c00000, 0x0000000606c00000| Untracked 
|  27|0x0000000606e00000, 0x0000000606e00000, 0x0000000607000000|  0%| F|  |TAMS 0x0000000606e00000, 0x0000000606e00000| Untracked 
|  28|0x0000000607000000, 0x0000000607000000, 0x0000000607200000|  0%| F|  |TAMS 0x0000000607000000, 0x0000000607000000| Untracked 
|  29|0x0000000607200000, 0x0000000607200000, 0x0000000607400000|  0%| F|  |TAMS 0x0000000607200000, 0x0000000607200000| Untracked 
|  30|0x0000000607400000, 0x0000000607400000, 0x0000000607600000|  0%| F|  |TAMS 0x0000000607400000, 0x0000000607400000| Untracked 
|  31|0x0000000607600000, 0x0000000607600000, 0x0000000607800000|  0%| F|  |TAMS 0x0000000607600000, 0x0000000607600000| Untracked 
|  32|0x0000000607800000, 0x0000000607800000, 0x0000000607a00000|  0%| F|  |TAMS 0x0000000607800000, 0x0000000607800000| Untracked 
|  33|0x0000000607a00000, 0x0000000607a00000, 0x0000000607c00000|  0%| F|  |TAMS 0x0000000607a00000, 0x0000000607a00000| Untracked 
|  34|0x0000000607c00000, 0x0000000607c00000, 0x0000000607e00000|  0%| F|  |TAMS 0x0000000607c00000, 0x0000000607c00000| Untracked 
|  35|0x0000000607e00000, 0x0000000607e00000, 0x0000000608000000|  0%| F|  |TAMS 0x0000000607e00000, 0x0000000607e00000| Untracked 
|  36|0x0000000608000000, 0x0000000608000000, 0x0000000608200000|  0%| F|  |TAMS 0x0000000608000000, 0x0000000608000000| Untracked 
|  37|0x0000000608200000, 0x0000000608200000, 0x0000000608400000|  0%| F|  |TAMS 0x0000000608200000, 0x0000000608200000| Untracked 
|  38|0x0000000608400000, 0x0000000608400000, 0x0000000608600000|  0%| F|  |TAMS 0x0000000608400000, 0x0000000608400000| Untracked 
|  39|0x0000000608600000, 0x0000000608600000, 0x0000000608800000|  0%| F|  |TAMS 0x0000000608600000, 0x0000000608600000| Untracked 
|  40|0x0000000608800000, 0x0000000608800000, 0x0000000608a00000|  0%| F|  |TAMS 0x0000000608800000, 0x0000000608800000| Untracked 
|  41|0x0000000608a00000, 0x0000000608a00000, 0x0000000608c00000|  0%| F|  |TAMS 0x0000000608a00000, 0x0000000608a00000| Untracked 
|  42|0x0000000608c00000, 0x0000000608c00000, 0x0000000608e00000|  0%| F|  |TAMS 0x0000000608c00000, 0x0000000608c00000| Untracked 
|  43|0x0000000608e00000, 0x0000000608e00000, 0x0000000609000000|  0%| F|  |TAMS 0x0000000608e00000, 0x0000000608e00000| Untracked 
|  44|0x0000000609000000, 0x0000000609000000, 0x0000000609200000|  0%| F|  |TAMS 0x0000000609000000, 0x0000000609000000| Untracked 
|  45|0x0000000609200000, 0x0000000609200000, 0x0000000609400000|  0%| F|  |TAMS 0x0000000609200000, 0x0000000609200000| Untracked 
|  46|0x0000000609400000, 0x0000000609400000, 0x0000000609600000|  0%| F|  |TAMS 0x0000000609400000, 0x0000000609400000| Untracked 
|  47|0x0000000609600000, 0x0000000609600000, 0x0000000609800000|  0%| F|  |TAMS 0x0000000609600000, 0x0000000609600000| Untracked 
|  48|0x0000000609800000, 0x0000000609800000, 0x0000000609a00000|  0%| F|  |TAMS 0x0000000609800000, 0x0000000609800000| Untracked 
|  49|0x0000000609a00000, 0x0000000609a00000, 0x0000000609c00000|  0%| F|  |TAMS 0x0000000609a00000, 0x0000000609a00000| Untracked 
|  50|0x0000000609c00000, 0x0000000609c00000, 0x0000000609e00000|  0%| F|  |TAMS 0x0000000609c00000, 0x0000000609c00000| Untracked 
|  51|0x0000000609e00000, 0x0000000609e00000, 0x000000060a000000|  0%| F|  |TAMS 0x0000000609e00000, 0x0000000609e00000| Untracked 
|  52|0x000000060a000000, 0x000000060a000000, 0x000000060a200000|  0%| F|  |TAMS 0x000000060a000000, 0x000000060a000000| Untracked 
|  53|0x000000060a200000, 0x000000060a200000, 0x000000060a400000|  0%| F|  |TAMS 0x000000060a200000, 0x000000060a200000| Untracked 
|  54|0x000000060a400000, 0x000000060a400000, 0x000000060a600000|  0%| F|  |TAMS 0x000000060a400000, 0x000000060a400000| Untracked 
|  55|0x000000060a600000, 0x000000060a600000, 0x000000060a800000|  0%| F|  |TAMS 0x000000060a600000, 0x000000060a600000| Untracked 
|  56|0x000000060a800000, 0x000000060a800000, 0x000000060aa00000|  0%| F|  |TAMS 0x000000060a800000, 0x000000060a800000| Untracked 
|  57|0x000000060aa00000, 0x000000060aa00000, 0x000000060ac00000|  0%| F|  |TAMS 0x000000060aa00000, 0x000000060aa00000| Untracked 
|  58|0x000000060ac00000, 0x000000060ac00000, 0x000000060ae00000|  0%| F|  |TAMS 0x000000060ac00000, 0x000000060ac00000| Untracked 
|  59|0x000000060ae00000, 0x000000060ae00000, 0x000000060b000000|  0%| F|  |TAMS 0x000000060ae00000, 0x000000060ae00000| Untracked 
|  60|0x000000060b000000, 0x000000060b000000, 0x000000060b200000|  0%| F|  |TAMS 0x000000060b000000, 0x000000060b000000| Untracked 
|  61|0x000000060b200000, 0x000000060b200000, 0x000000060b400000|  0%| F|  |TAMS 0x000000060b200000, 0x000000060b200000| Untracked 
|  62|0x000000060b400000, 0x000000060b400000, 0x000000060b600000|  0%| F|  |TAMS 0x000000060b400000, 0x000000060b400000| Untracked 
|  63|0x000000060b600000, 0x000000060b600000, 0x000000060b800000|  0%| F|  |TAMS 0x000000060b600000, 0x000000060b600000| Untracked 
|  64|0x000000060b800000, 0x000000060b800000, 0x000000060ba00000|  0%| F|  |TAMS 0x000000060b800000, 0x000000060b800000| Untracked 
|  65|0x000000060ba00000, 0x000000060ba00000, 0x000000060bc00000|  0%| F|  |TAMS 0x000000060ba00000, 0x000000060ba00000| Untracked 
|  66|0x000000060bc00000, 0x000000060bc00000, 0x000000060be00000|  0%| F|  |TAMS 0x000000060bc00000, 0x000000060bc00000| Untracked 
|  67|0x000000060be00000, 0x000000060be00000, 0x000000060c000000|  0%| F|  |TAMS 0x000000060be00000, 0x000000060be00000| Untracked 
|  68|0x000000060c000000, 0x000000060c000000, 0x000000060c200000|  0%| F|  |TAMS 0x000000060c000000, 0x000000060c000000| Untracked 
|  69|0x000000060c200000, 0x000000060c200000, 0x000000060c400000|  0%| F|  |TAMS 0x000000060c200000, 0x000000060c200000| Untracked 
|  70|0x000000060c400000, 0x000000060c400000, 0x000000060c600000|  0%| F|  |TAMS 0x000000060c400000, 0x000000060c400000| Untracked 
|  71|0x000000060c600000, 0x000000060c600000, 0x000000060c800000|  0%| F|  |TAMS 0x000000060c600000, 0x000000060c600000| Untracked 
|  72|0x000000060c800000, 0x000000060c800000, 0x000000060ca00000|  0%| F|  |TAMS 0x000000060c800000, 0x000000060c800000| Untracked 
|  73|0x000000060ca00000, 0x000000060ca00000, 0x000000060cc00000|  0%| F|  |TAMS 0x000000060ca00000, 0x000000060ca00000| Untracked 
|  74|0x000000060cc00000, 0x000000060cc00000, 0x000000060ce00000|  0%| F|  |TAMS 0x000000060cc00000, 0x000000060cc00000| Untracked 
|  75|0x000000060ce00000, 0x000000060ce00000, 0x000000060d000000|  0%| F|  |TAMS 0x000000060ce00000, 0x000000060ce00000| Untracked 
|  76|0x000000060d000000, 0x000000060d000000, 0x000000060d200000|  0%| F|  |TAMS 0x000000060d000000, 0x000000060d000000| Untracked 
|  77|0x000000060d200000, 0x000000060d200000, 0x000000060d400000|  0%| F|  |TAMS 0x000000060d200000, 0x000000060d200000| Untracked 
|  78|0x000000060d400000, 0x000000060d400000, 0x000000060d600000|  0%| F|  |TAMS 0x000000060d400000, 0x000000060d400000| Untracked 
|  79|0x000000060d600000, 0x000000060d600000, 0x000000060d800000|  0%| F|  |TAMS 0x000000060d600000, 0x000000060d600000| Untracked 
|  80|0x000000060d800000, 0x000000060d800000, 0x000000060da00000|  0%| F|  |TAMS 0x000000060d800000, 0x000000060d800000| Untracked 
|  81|0x000000060da00000, 0x000000060da00000, 0x000000060dc00000|  0%| F|  |TAMS 0x000000060da00000, 0x000000060da00000| Untracked 
|  82|0x000000060dc00000, 0x000000060dc00000, 0x000000060de00000|  0%| F|  |TAMS 0x000000060dc00000, 0x000000060dc00000| Untracked 
|  83|0x000000060de00000, 0x000000060de00000, 0x000000060e000000|  0%| F|  |TAMS 0x000000060de00000, 0x000000060de00000| Untracked 
|  84|0x000000060e000000, 0x000000060e000000, 0x000000060e200000|  0%| F|  |TAMS 0x000000060e000000, 0x000000060e000000| Untracked 
|  85|0x000000060e200000, 0x000000060e200000, 0x000000060e400000|  0%| F|  |TAMS 0x000000060e200000, 0x000000060e200000| Untracked 
|  86|0x000000060e400000, 0x000000060e400000, 0x000000060e600000|  0%| F|  |TAMS 0x000000060e400000, 0x000000060e400000| Untracked 
|  87|0x000000060e600000, 0x000000060e600000, 0x000000060e800000|  0%| F|  |TAMS 0x000000060e600000, 0x000000060e600000| Untracked 
|  88|0x000000060e800000, 0x000000060e800000, 0x000000060ea00000|  0%| F|  |TAMS 0x000000060e800000, 0x000000060e800000| Untracked 
|  89|0x000000060ea00000, 0x000000060ea00000, 0x000000060ec00000|  0%| F|  |TAMS 0x000000060ea00000, 0x000000060ea00000| Untracked 
|  90|0x000000060ec00000, 0x000000060ec00000, 0x000000060ee00000|  0%| F|  |TAMS 0x000000060ec00000, 0x000000060ec00000| Untracked 
|  91|0x000000060ee00000, 0x000000060ee00000, 0x000000060f000000|  0%| F|  |TAMS 0x000000060ee00000, 0x000000060ee00000| Untracked 
|  92|0x000000060f000000, 0x000000060f000000, 0x000000060f200000|  0%| F|  |TAMS 0x000000060f000000, 0x000000060f000000| Untracked 
|  93|0x000000060f200000, 0x000000060f200000, 0x000000060f400000|  0%| F|  |TAMS 0x000000060f200000, 0x000000060f200000| Untracked 
|  94|0x000000060f400000, 0x000000060f400000, 0x000000060f600000|  0%| F|  |TAMS 0x000000060f400000, 0x000000060f400000| Untracked 
|  95|0x000000060f600000, 0x000000060f600000, 0x000000060f800000|  0%| F|  |TAMS 0x000000060f600000, 0x000000060f600000| Untracked 
|  96|0x000000060f800000, 0x000000060f800000, 0x000000060fa00000|  0%| F|  |TAMS 0x000000060f800000, 0x000000060f800000| Untracked 
|  97|0x000000060fa00000, 0x000000060fa00000, 0x000000060fc00000|  0%| F|  |TAMS 0x000000060fa00000, 0x000000060fa00000| Untracked 
|  98|0x000000060fc00000, 0x000000060fc00000, 0x000000060fe00000|  0%| F|  |TAMS 0x000000060fc00000, 0x000000060fc00000| Untracked 
|  99|0x000000060fe00000, 0x000000060fe00000, 0x0000000610000000|  0%| F|  |TAMS 0x000000060fe00000, 0x000000060fe00000| Untracked 
| 100|0x0000000610000000, 0x0000000610000000, 0x0000000610200000|  0%| F|  |TAMS 0x0000000610000000, 0x0000000610000000| Untracked 
| 101|0x0000000610200000, 0x0000000610200000, 0x0000000610400000|  0%| F|  |TAMS 0x0000000610200000, 0x0000000610200000| Untracked 
| 102|0x0000000610400000, 0x0000000610400000, 0x0000000610600000|  0%| F|  |TAMS 0x0000000610400000, 0x0000000610400000| Untracked 
| 103|0x0000000610600000, 0x0000000610600000, 0x0000000610800000|  0%| F|  |TAMS 0x0000000610600000, 0x0000000610600000| Untracked 
| 104|0x0000000610800000, 0x0000000610800000, 0x0000000610a00000|  0%| F|  |TAMS 0x0000000610800000, 0x0000000610800000| Untracked 
| 105|0x0000000610a00000, 0x0000000610a00000, 0x0000000610c00000|  0%| F|  |TAMS 0x0000000610a00000, 0x0000000610a00000| Untracked 
| 106|0x0000000610c00000, 0x0000000610c00000, 0x0000000610e00000|  0%| F|  |TAMS 0x0000000610c00000, 0x0000000610c00000| Untracked 
| 107|0x0000000610e00000, 0x0000000610e00000, 0x0000000611000000|  0%| F|  |TAMS 0x0000000610e00000, 0x0000000610e00000| Untracked 
| 108|0x0000000611000000, 0x0000000611000000, 0x0000000611200000|  0%| F|  |TAMS 0x0000000611000000, 0x0000000611000000| Untracked 
| 109|0x0000000611200000, 0x0000000611200000, 0x0000000611400000|  0%| F|  |TAMS 0x0000000611200000, 0x0000000611200000| Untracked 
| 110|0x0000000611400000, 0x0000000611400000, 0x0000000611600000|  0%| F|  |TAMS 0x0000000611400000, 0x0000000611400000| Untracked 
| 111|0x0000000611600000, 0x0000000611600000, 0x0000000611800000|  0%| F|  |TAMS 0x0000000611600000, 0x0000000611600000| Untracked 
| 112|0x0000000611800000, 0x0000000611800000, 0x0000000611a00000|  0%| F|  |TAMS 0x0000000611800000, 0x0000000611800000| Untracked 
| 113|0x0000000611a00000, 0x0000000611a00000, 0x0000000611c00000|  0%| F|  |TAMS 0x0000000611a00000, 0x0000000611a00000| Untracked 
| 114|0x0000000611c00000, 0x0000000611c00000, 0x0000000611e00000|  0%| F|  |TAMS 0x0000000611c00000, 0x0000000611c00000| Untracked 
| 115|0x0000000611e00000, 0x0000000611e00000, 0x0000000612000000|  0%| F|  |TAMS 0x0000000611e00000, 0x0000000611e00000| Untracked 
| 116|0x0000000612000000, 0x0000000612000000, 0x0000000612200000|  0%| F|  |TAMS 0x0000000612000000, 0x0000000612000000| Untracked 
| 117|0x0000000612200000, 0x0000000612200000, 0x0000000612400000|  0%| F|  |TAMS 0x0000000612200000, 0x0000000612200000| Untracked 
| 118|0x0000000612400000, 0x0000000612400000, 0x0000000612600000|  0%| F|  |TAMS 0x0000000612400000, 0x0000000612400000| Untracked 
| 119|0x0000000612600000, 0x0000000612600000, 0x0000000612800000|  0%| F|  |TAMS 0x0000000612600000, 0x0000000612600000| Untracked 
| 120|0x0000000612800000, 0x0000000612800000, 0x0000000612a00000|  0%| F|  |TAMS 0x0000000612800000, 0x0000000612800000| Untracked 
| 121|0x0000000612a00000, 0x0000000612a00000, 0x0000000612c00000|  0%| F|  |TAMS 0x0000000612a00000, 0x0000000612a00000| Untracked 
| 122|0x0000000612c00000, 0x0000000612c00000, 0x0000000612e00000|  0%| F|  |TAMS 0x0000000612c00000, 0x0000000612c00000| Untracked 
| 123|0x0000000612e00000, 0x0000000612e00000, 0x0000000613000000|  0%| F|  |TAMS 0x0000000612e00000, 0x0000000612e00000| Untracked 
| 124|0x0000000613000000, 0x0000000613000000, 0x0000000613200000|  0%| F|  |TAMS 0x0000000613000000, 0x0000000613000000| Untracked 
| 125|0x0000000613200000, 0x0000000613200000, 0x0000000613400000|  0%| F|  |TAMS 0x0000000613200000, 0x0000000613200000| Untracked 
| 126|0x0000000613400000, 0x0000000613400000, 0x0000000613600000|  0%| F|  |TAMS 0x0000000613400000, 0x0000000613400000| Untracked 
| 127|0x0000000613600000, 0x0000000613600000, 0x0000000613800000|  0%| F|  |TAMS 0x0000000613600000, 0x0000000613600000| Untracked 
| 128|0x0000000613800000, 0x0000000613800000, 0x0000000613a00000|  0%| F|  |TAMS 0x0000000613800000, 0x0000000613800000| Untracked 
| 129|0x0000000613a00000, 0x0000000613a00000, 0x0000000613c00000|  0%| F|  |TAMS 0x0000000613a00000, 0x0000000613a00000| Untracked 
| 130|0x0000000613c00000, 0x0000000613c00000, 0x0000000613e00000|  0%| F|  |TAMS 0x0000000613c00000, 0x0000000613c00000| Untracked 
| 131|0x0000000613e00000, 0x0000000613e00000, 0x0000000614000000|  0%| F|  |TAMS 0x0000000613e00000, 0x0000000613e00000| Untracked 
| 132|0x0000000614000000, 0x0000000614000000, 0x0000000614200000|  0%| F|  |TAMS 0x0000000614000000, 0x0000000614000000| Untracked 
| 133|0x0000000614200000, 0x0000000614200000, 0x0000000614400000|  0%| F|  |TAMS 0x0000000614200000, 0x0000000614200000| Untracked 
| 134|0x0000000614400000, 0x0000000614400000, 0x0000000614600000|  0%| F|  |TAMS 0x0000000614400000, 0x0000000614400000| Untracked 
| 135|0x0000000614600000, 0x0000000614600000, 0x0000000614800000|  0%| F|  |TAMS 0x0000000614600000, 0x0000000614600000| Untracked 
| 136|0x0000000614800000, 0x0000000614800000, 0x0000000614a00000|  0%| F|  |TAMS 0x0000000614800000, 0x0000000614800000| Untracked 
| 137|0x0000000614a00000, 0x0000000614a00000, 0x0000000614c00000|  0%| F|  |TAMS 0x0000000614a00000, 0x0000000614a00000| Untracked 
| 138|0x0000000614c00000, 0x0000000614c00000, 0x0000000614e00000|  0%| F|  |TAMS 0x0000000614c00000, 0x0000000614c00000| Untracked 
| 139|0x0000000614e00000, 0x0000000614e00000, 0x0000000615000000|  0%| F|  |TAMS 0x0000000614e00000, 0x0000000614e00000| Untracked 
| 140|0x0000000615000000, 0x0000000615000000, 0x0000000615200000|  0%| F|  |TAMS 0x0000000615000000, 0x0000000615000000| Untracked 
| 141|0x0000000615200000, 0x0000000615200000, 0x0000000615400000|  0%| F|  |TAMS 0x0000000615200000, 0x0000000615200000| Untracked 
| 142|0x0000000615400000, 0x0000000615400000, 0x0000000615600000|  0%| F|  |TAMS 0x0000000615400000, 0x0000000615400000| Untracked 
| 143|0x0000000615600000, 0x0000000615600000, 0x0000000615800000|  0%| F|  |TAMS 0x0000000615600000, 0x0000000615600000| Untracked 
| 144|0x0000000615800000, 0x0000000615800000, 0x0000000615a00000|  0%| F|  |TAMS 0x0000000615800000, 0x0000000615800000| Untracked 
| 145|0x0000000615a00000, 0x0000000615a00000, 0x0000000615c00000|  0%| F|  |TAMS 0x0000000615a00000, 0x0000000615a00000| Untracked 
| 146|0x0000000615c00000, 0x0000000615c00000, 0x0000000615e00000|  0%| F|  |TAMS 0x0000000615c00000, 0x0000000615c00000| Untracked 
| 147|0x0000000615e00000, 0x0000000615e00000, 0x0000000616000000|  0%| F|  |TAMS 0x0000000615e00000, 0x0000000615e00000| Untracked 
| 148|0x0000000616000000, 0x0000000616000000, 0x0000000616200000|  0%| F|  |TAMS 0x0000000616000000, 0x0000000616000000| Untracked 
| 149|0x0000000616200000, 0x0000000616200000, 0x0000000616400000|  0%| F|  |TAMS 0x0000000616200000, 0x0000000616200000| Untracked 
| 150|0x0000000616400000, 0x0000000616400000, 0x0000000616600000|  0%| F|  |TAMS 0x0000000616400000, 0x0000000616400000| Untracked 
| 151|0x0000000616600000, 0x0000000616600000, 0x0000000616800000|  0%| F|  |TAMS 0x0000000616600000, 0x0000000616600000| Untracked 
| 152|0x0000000616800000, 0x0000000616800000, 0x0000000616a00000|  0%| F|  |TAMS 0x0000000616800000, 0x0000000616800000| Untracked 
| 153|0x0000000616a00000, 0x0000000616a00000, 0x0000000616c00000|  0%| F|  |TAMS 0x0000000616a00000, 0x0000000616a00000| Untracked 
| 154|0x0000000616c00000, 0x0000000616c00000, 0x0000000616e00000|  0%| F|  |TAMS 0x0000000616c00000, 0x0000000616c00000| Untracked 
| 155|0x0000000616e00000, 0x0000000616e00000, 0x0000000617000000|  0%| F|  |TAMS 0x0000000616e00000, 0x0000000616e00000| Untracked 
| 156|0x0000000617000000, 0x0000000617000000, 0x0000000617200000|  0%| F|  |TAMS 0x0000000617000000, 0x0000000617000000| Untracked 
| 157|0x0000000617200000, 0x0000000617200000, 0x0000000617400000|  0%| F|  |TAMS 0x0000000617200000, 0x0000000617200000| Untracked 
| 158|0x0000000617400000, 0x0000000617400000, 0x0000000617600000|  0%| F|  |TAMS 0x0000000617400000, 0x0000000617400000| Untracked 
| 159|0x0000000617600000, 0x0000000617600000, 0x0000000617800000|  0%| F|  |TAMS 0x0000000617600000, 0x0000000617600000| Untracked 
| 160|0x0000000617800000, 0x0000000617800000, 0x0000000617a00000|  0%| F|  |TAMS 0x0000000617800000, 0x0000000617800000| Untracked 
| 161|0x0000000617a00000, 0x0000000617a00000, 0x0000000617c00000|  0%| F|  |TAMS 0x0000000617a00000, 0x0000000617a00000| Untracked 
| 162|0x0000000617c00000, 0x0000000617c00000, 0x0000000617e00000|  0%| F|  |TAMS 0x0000000617c00000, 0x0000000617c00000| Untracked 
| 163|0x0000000617e00000, 0x0000000617e00000, 0x0000000618000000|  0%| F|  |TAMS 0x0000000617e00000, 0x0000000617e00000| Untracked 
| 164|0x0000000618000000, 0x0000000618000000, 0x0000000618200000|  0%| F|  |TAMS 0x0000000618000000, 0x0000000618000000| Untracked 
| 165|0x0000000618200000, 0x0000000618200000, 0x0000000618400000|  0%| F|  |TAMS 0x0000000618200000, 0x0000000618200000| Untracked 
| 166|0x0000000618400000, 0x0000000618400000, 0x0000000618600000|  0%| F|  |TAMS 0x0000000618400000, 0x0000000618400000| Untracked 
| 167|0x0000000618600000, 0x0000000618600000, 0x0000000618800000|  0%| F|  |TAMS 0x0000000618600000, 0x0000000618600000| Untracked 
| 168|0x0000000618800000, 0x0000000618800000, 0x0000000618a00000|  0%| F|  |TAMS 0x0000000618800000, 0x0000000618800000| Untracked 
| 169|0x0000000618a00000, 0x0000000618a00000, 0x0000000618c00000|  0%| F|  |TAMS 0x0000000618a00000, 0x0000000618a00000| Untracked 
| 170|0x0000000618c00000, 0x0000000618c00000, 0x0000000618e00000|  0%| F|  |TAMS 0x0000000618c00000, 0x0000000618c00000| Untracked 
| 171|0x0000000618e00000, 0x0000000618e00000, 0x0000000619000000|  0%| F|  |TAMS 0x0000000618e00000, 0x0000000618e00000| Untracked 
| 172|0x0000000619000000, 0x0000000619000000, 0x0000000619200000|  0%| F|  |TAMS 0x0000000619000000, 0x0000000619000000| Untracked 
| 173|0x0000000619200000, 0x0000000619200000, 0x0000000619400000|  0%| F|  |TAMS 0x0000000619200000, 0x0000000619200000| Untracked 
| 174|0x0000000619400000, 0x0000000619400000, 0x0000000619600000|  0%| F|  |TAMS 0x0000000619400000, 0x0000000619400000| Untracked 
| 175|0x0000000619600000, 0x0000000619600000, 0x0000000619800000|  0%| F|  |TAMS 0x0000000619600000, 0x0000000619600000| Untracked 
| 176|0x0000000619800000, 0x0000000619800000, 0x0000000619a00000|  0%| F|  |TAMS 0x0000000619800000, 0x0000000619800000| Untracked 
| 177|0x0000000619a00000, 0x0000000619a00000, 0x0000000619c00000|  0%| F|  |TAMS 0x0000000619a00000, 0x0000000619a00000| Untracked 
| 178|0x0000000619c00000, 0x0000000619c00000, 0x0000000619e00000|  0%| F|  |TAMS 0x0000000619c00000, 0x0000000619c00000| Untracked 
| 179|0x0000000619e00000, 0x0000000619e00000, 0x000000061a000000|  0%| F|  |TAMS 0x0000000619e00000, 0x0000000619e00000| Untracked 
| 180|0x000000061a000000, 0x000000061a000000, 0x000000061a200000|  0%| F|  |TAMS 0x000000061a000000, 0x000000061a000000| Untracked 
| 181|0x000000061a200000, 0x000000061a200000, 0x000000061a400000|  0%| F|  |TAMS 0x000000061a200000, 0x000000061a200000| Untracked 
| 182|0x000000061a400000, 0x000000061a400000, 0x000000061a600000|  0%| F|  |TAMS 0x000000061a400000, 0x000000061a400000| Untracked 
| 183|0x000000061a600000, 0x000000061a600000, 0x000000061a800000|  0%| F|  |TAMS 0x000000061a600000, 0x000000061a600000| Untracked 
| 184|0x000000061a800000, 0x000000061a800000, 0x000000061aa00000|  0%| F|  |TAMS 0x000000061a800000, 0x000000061a800000| Untracked 
| 185|0x000000061aa00000, 0x000000061aa00000, 0x000000061ac00000|  0%| F|  |TAMS 0x000000061aa00000, 0x000000061aa00000| Untracked 
| 186|0x000000061ac00000, 0x000000061ac00000, 0x000000061ae00000|  0%| F|  |TAMS 0x000000061ac00000, 0x000000061ac00000| Untracked 
| 187|0x000000061ae00000, 0x000000061ae00000, 0x000000061b000000|  0%| F|  |TAMS 0x000000061ae00000, 0x000000061ae00000| Untracked 
| 188|0x000000061b000000, 0x000000061b000000, 0x000000061b200000|  0%| F|  |TAMS 0x000000061b000000, 0x000000061b000000| Untracked 
| 189|0x000000061b200000, 0x000000061b200000, 0x000000061b400000|  0%| F|  |TAMS 0x000000061b200000, 0x000000061b200000| Untracked 
| 190|0x000000061b400000, 0x000000061b400000, 0x000000061b600000|  0%| F|  |TAMS 0x000000061b400000, 0x000000061b400000| Untracked 
| 191|0x000000061b600000, 0x000000061b600000, 0x000000061b800000|  0%| F|  |TAMS 0x000000061b600000, 0x000000061b600000| Untracked 
| 192|0x000000061b800000, 0x000000061b800000, 0x000000061ba00000|  0%| F|  |TAMS 0x000000061b800000, 0x000000061b800000| Untracked 
| 193|0x000000061ba00000, 0x000000061ba00000, 0x000000061bc00000|  0%| F|  |TAMS 0x000000061ba00000, 0x000000061ba00000| Untracked 
| 194|0x000000061bc00000, 0x000000061bc00000, 0x000000061be00000|  0%| F|  |TAMS 0x000000061bc00000, 0x000000061bc00000| Untracked 
| 195|0x000000061be00000, 0x000000061be00000, 0x000000061c000000|  0%| F|  |TAMS 0x000000061be00000, 0x000000061be00000| Untracked 
| 196|0x000000061c000000, 0x000000061c000000, 0x000000061c200000|  0%| F|  |TAMS 0x000000061c000000, 0x000000061c000000| Untracked 
| 197|0x000000061c200000, 0x000000061c200000, 0x000000061c400000|  0%| F|  |TAMS 0x000000061c200000, 0x000000061c200000| Untracked 
| 198|0x000000061c400000, 0x000000061c400000, 0x000000061c600000|  0%| F|  |TAMS 0x000000061c400000, 0x000000061c400000| Untracked 
| 199|0x000000061c600000, 0x000000061c600000, 0x000000061c800000|  0%| F|  |TAMS 0x000000061c600000, 0x000000061c600000| Untracked 
| 200|0x000000061c800000, 0x000000061c800000, 0x000000061ca00000|  0%| F|  |TAMS 0x000000061c800000, 0x000000061c800000| Untracked 
| 201|0x000000061ca00000, 0x000000061ca00000, 0x000000061cc00000|  0%| F|  |TAMS 0x000000061ca00000, 0x000000061ca00000| Untracked 
| 202|0x000000061cc00000, 0x000000061cc00000, 0x000000061ce00000|  0%| F|  |TAMS 0x000000061cc00000, 0x000000061cc00000| Untracked 
| 203|0x000000061ce00000, 0x000000061ce00000, 0x000000061d000000|  0%| F|  |TAMS 0x000000061ce00000, 0x000000061ce00000| Untracked 
| 204|0x000000061d000000, 0x000000061d000000, 0x000000061d200000|  0%| F|  |TAMS 0x000000061d000000, 0x000000061d000000| Untracked 
| 205|0x000000061d200000, 0x000000061d200000, 0x000000061d400000|  0%| F|  |TAMS 0x000000061d200000, 0x000000061d200000| Untracked 
| 206|0x000000061d400000, 0x000000061d400000, 0x000000061d600000|  0%| F|  |TAMS 0x000000061d400000, 0x000000061d400000| Untracked 
| 207|0x000000061d600000, 0x000000061d600000, 0x000000061d800000|  0%| F|  |TAMS 0x000000061d600000, 0x000000061d600000| Untracked 
| 208|0x000000061d800000, 0x000000061d800000, 0x000000061da00000|  0%| F|  |TAMS 0x000000061d800000, 0x000000061d800000| Untracked 
| 209|0x000000061da00000, 0x000000061da00000, 0x000000061dc00000|  0%| F|  |TAMS 0x000000061da00000, 0x000000061da00000| Untracked 
| 210|0x000000061dc00000, 0x000000061dc00000, 0x000000061de00000|  0%| F|  |TAMS 0x000000061dc00000, 0x000000061dc00000| Untracked 
| 211|0x000000061de00000, 0x000000061de00000, 0x000000061e000000|  0%| F|  |TAMS 0x000000061de00000, 0x000000061de00000| Untracked 
| 212|0x000000061e000000, 0x000000061e000000, 0x000000061e200000|  0%| F|  |TAMS 0x000000061e000000, 0x000000061e000000| Untracked 
| 213|0x000000061e200000, 0x000000061e200000, 0x000000061e400000|  0%| F|  |TAMS 0x000000061e200000, 0x000000061e200000| Untracked 
| 214|0x000000061e400000, 0x000000061e400000, 0x000000061e600000|  0%| F|  |TAMS 0x000000061e400000, 0x000000061e400000| Untracked 
| 215|0x000000061e600000, 0x000000061e600000, 0x000000061e800000|  0%| F|  |TAMS 0x000000061e600000, 0x000000061e600000| Untracked 
| 216|0x000000061e800000, 0x000000061e800000, 0x000000061ea00000|  0%| F|  |TAMS 0x000000061e800000, 0x000000061e800000| Untracked 
| 217|0x000000061ea00000, 0x000000061ea00000, 0x000000061ec00000|  0%| F|  |TAMS 0x000000061ea00000, 0x000000061ea00000| Untracked 
| 218|0x000000061ec00000, 0x000000061ec00000, 0x000000061ee00000|  0%| F|  |TAMS 0x000000061ec00000, 0x000000061ec00000| Untracked 
| 219|0x000000061ee00000, 0x000000061ee00000, 0x000000061f000000|  0%| F|  |TAMS 0x000000061ee00000, 0x000000061ee00000| Untracked 
| 220|0x000000061f000000, 0x000000061f000000, 0x000000061f200000|  0%| F|  |TAMS 0x000000061f000000, 0x000000061f000000| Untracked 
| 221|0x000000061f200000, 0x000000061f200000, 0x000000061f400000|  0%| F|  |TAMS 0x000000061f200000, 0x000000061f200000| Untracked 
| 222|0x000000061f400000, 0x000000061f400000, 0x000000061f600000|  0%| F|  |TAMS 0x000000061f400000, 0x000000061f400000| Untracked 
| 223|0x000000061f600000, 0x000000061f600000, 0x000000061f800000|  0%| F|  |TAMS 0x000000061f600000, 0x000000061f600000| Untracked 
| 224|0x000000061f800000, 0x000000061f800000, 0x000000061fa00000|  0%| F|  |TAMS 0x000000061f800000, 0x000000061f800000| Untracked 
| 225|0x000000061fa00000, 0x000000061fa00000, 0x000000061fc00000|  0%| F|  |TAMS 0x000000061fa00000, 0x000000061fa00000| Untracked 
| 226|0x000000061fc00000, 0x000000061fc00000, 0x000000061fe00000|  0%| F|  |TAMS 0x000000061fc00000, 0x000000061fc00000| Untracked 
| 227|0x000000061fe00000, 0x000000061fe00000, 0x0000000620000000|  0%| F|  |TAMS 0x000000061fe00000, 0x000000061fe00000| Untracked 
| 228|0x0000000620000000, 0x0000000620000000, 0x0000000620200000|  0%| F|  |TAMS 0x0000000620000000, 0x0000000620000000| Untracked 
| 229|0x0000000620200000, 0x0000000620200000, 0x0000000620400000|  0%| F|  |TAMS 0x0000000620200000, 0x0000000620200000| Untracked 
| 230|0x0000000620400000, 0x0000000620400000, 0x0000000620600000|  0%| F|  |TAMS 0x0000000620400000, 0x0000000620400000| Untracked 
| 231|0x0000000620600000, 0x0000000620600000, 0x0000000620800000|  0%| F|  |TAMS 0x0000000620600000, 0x0000000620600000| Untracked 
| 232|0x0000000620800000, 0x0000000620800000, 0x0000000620a00000|  0%| F|  |TAMS 0x0000000620800000, 0x0000000620800000| Untracked 
| 233|0x0000000620a00000, 0x0000000620a00000, 0x0000000620c00000|  0%| F|  |TAMS 0x0000000620a00000, 0x0000000620a00000| Untracked 
| 234|0x0000000620c00000, 0x0000000620c00000, 0x0000000620e00000|  0%| F|  |TAMS 0x0000000620c00000, 0x0000000620c00000| Untracked 
| 235|0x0000000620e00000, 0x0000000620e00000, 0x0000000621000000|  0%| F|  |TAMS 0x0000000620e00000, 0x0000000620e00000| Untracked 
| 236|0x0000000621000000, 0x0000000621000000, 0x0000000621200000|  0%| F|  |TAMS 0x0000000621000000, 0x0000000621000000| Untracked 
| 237|0x0000000621200000, 0x0000000621200000, 0x0000000621400000|  0%| F|  |TAMS 0x0000000621200000, 0x0000000621200000| Untracked 
| 238|0x0000000621400000, 0x0000000621400000, 0x0000000621600000|  0%| F|  |TAMS 0x0000000621400000, 0x0000000621400000| Untracked 
| 239|0x0000000621600000, 0x0000000621600000, 0x0000000621800000|  0%| F|  |TAMS 0x0000000621600000, 0x0000000621600000| Untracked 
| 240|0x0000000621800000, 0x0000000621800000, 0x0000000621a00000|  0%| F|  |TAMS 0x0000000621800000, 0x0000000621800000| Untracked 
| 241|0x0000000621a00000, 0x0000000621a00000, 0x0000000621c00000|  0%| F|  |TAMS 0x0000000621a00000, 0x0000000621a00000| Untracked 
| 242|0x0000000621c00000, 0x0000000621c00000, 0x0000000621e00000|  0%| F|  |TAMS 0x0000000621c00000, 0x0000000621c00000| Untracked 
| 243|0x0000000621e00000, 0x0000000621e00000, 0x0000000622000000|  0%| F|  |TAMS 0x0000000621e00000, 0x0000000621e00000| Untracked 
| 244|0x0000000622000000, 0x0000000622000000, 0x0000000622200000|  0%| F|  |TAMS 0x0000000622000000, 0x0000000622000000| Untracked 
| 245|0x0000000622200000, 0x0000000622200000, 0x0000000622400000|  0%| F|  |TAMS 0x0000000622200000, 0x0000000622200000| Untracked 
| 246|0x0000000622400000, 0x0000000622400000, 0x0000000622600000|  0%| F|  |TAMS 0x0000000622400000, 0x0000000622400000| Untracked 
| 247|0x0000000622600000, 0x0000000622600000, 0x0000000622800000|  0%| F|  |TAMS 0x0000000622600000, 0x0000000622600000| Untracked 
| 248|0x0000000622800000, 0x0000000622800000, 0x0000000622a00000|  0%| F|  |TAMS 0x0000000622800000, 0x0000000622800000| Untracked 
| 249|0x0000000622a00000, 0x0000000622a00000, 0x0000000622c00000|  0%| F|  |TAMS 0x0000000622a00000, 0x0000000622a00000| Untracked 
| 250|0x0000000622c00000, 0x0000000622c16198, 0x0000000622e00000|  4%| S|CS|TAMS 0x0000000622c00000, 0x0000000622c00000| Complete 
| 251|0x0000000622e00000, 0x0000000623000000, 0x0000000623000000|100%| S|CS|TAMS 0x0000000622e00000, 0x0000000622e00000| Complete 
| 252|0x0000000623000000, 0x0000000623200000, 0x0000000623200000|100%| S|CS|TAMS 0x0000000623000000, 0x0000000623000000| Complete 
| 253|0x0000000623200000, 0x0000000623400000, 0x0000000623400000|100%| S|CS|TAMS 0x0000000623200000, 0x0000000623200000| Complete 
| 254|0x0000000623400000, 0x0000000623400000, 0x0000000623600000|  0%| F|  |TAMS 0x0000000623400000, 0x0000000623400000| Untracked 

Card table byte_map: [0x0000022948b90000,0x0000022949b80000] _byte_map_base: 0x0000022945b74000

Marking Bits (Prev, Next): (CMBitMap*) 0x0000022934885dd8, (CMBitMap*) 0x0000022934885e10
 Prev Bits: [0x000002294ab70000, 0x0000022952a90000)
 Next Bits: [0x0000022952a90000, 0x000002295a9b0000)

Polling page: 0x0000022932790000

Metaspace:

Usage:
  Non-class:     25.41 MB capacity,    25.05 MB ( 99%) used,   319.02 KB (  1%) free+waste,    43.75 KB ( <1%) overhead. 
      Class:      3.24 MB capacity,     3.08 MB ( 95%) used,   146.06 KB (  4%) free+waste,    19.63 KB ( <1%) overhead. 
       Both:     28.65 MB capacity,    28.13 MB ( 98%) used,   465.09 KB (  2%) free+waste,    63.38 KB ( <1%) overhead. 

Virtual space:
  Non-class space:       34.00 MB reserved,      25.50 MB ( 75%) committed 
      Class space:        1.00 GB reserved,       3.25 MB ( <1%) committed 
             Both:        1.03 GB reserved,      28.75 MB (  3%) committed 

Chunk freelists:
   Non-Class:  31.00 KB
       Class:  11.00 KB
        Both:  42.00 KB

MaxMetaspaceSize: 17179869184.00 GB
CompressedClassSpaceSize: 1.00 GB
Initial GC threshold: 20.80 MB
Current GC threshold: 48.24 MB
CDS: off

CodeHeap 'non-profiled nmethods': size=119168Kb used=721Kb max_used=721Kb free=118446Kb
 bounds [0x000002293feb0000, 0x0000022940120000, 0x0000022947310000]
CodeHeap 'profiled nmethods': size=119168Kb used=5107Kb max_used=5107Kb free=114060Kb
 bounds [0x0000022938a50000, 0x0000022938f50000, 0x000002293feb0000]
CodeHeap 'non-nmethods': size=7424Kb used=2926Kb max_used=2944Kb free=4497Kb
 bounds [0x0000022938310000, 0x0000022938600000, 0x0000022938a50000]
 total_blobs=2850 nmethods=2341 adapters=418
 compilation: enabled
              stopped_count=0, restarted_count=0
 full_count=0

Compilation events (20 events):
Event: 0.775 Thread 0x000002295e4e4800 nmethod 2304 0x0000022938f3d190 code [0x0000022938f3d340, 0x0000022938f3d458]
Event: 0.775 Thread 0x000002295e63e800 nmethod 2302 0x0000022938f3d510 code [0x0000022938f3d6c0, 0x0000022938f3d8f8]
Event: 0.777 Thread 0x000002295ebe4800 2305       1       java.lang.invoke.MethodHandleImpl::isCompileConstant (2 bytes)
Event: 0.777 Thread 0x000002295e66d800 2306       4       jdk.internal.org.objectweb.asm.Type::getArgumentsAndReturnSizes (151 bytes)
Event: 0.777 Thread 0x000002295ebe4800 nmethod 2305 0x000002293ff5ba90 code [0x000002293ff5bc40, 0x000002293ff5bcd8]
Event: 0.777 Thread 0x000002295e4e4800 2307       3       java.lang.invoke.LambdaFormEditor$Transform::bval (26 bytes)
Event: 0.777 Thread 0x000002295e4e4800 nmethod 2307 0x0000022938f3da10 code [0x0000022938f3dbc0, 0x0000022938f3dcb8]
Event: 0.777 Thread 0x000002295e63e800 2308       1       java.lang.reflect.Constructor::getRoot (5 bytes)
Event: 0.777 Thread 0x000002295e63e800 nmethod 2308 0x000002293ff5bd90 code [0x000002293ff5bf40, 0x000002293ff5bff8]
Event: 0.779 Thread 0x000002295e66e800 2309       4       java.lang.String::concat (115 bytes)
Event: 0.780 Thread 0x000002295e66d800 nmethod 2306 0x000002293ff5c090 code [0x000002293ff5c2a0, 0x000002293ff5c920]
Event: 0.781 Thread 0x000002295e66e800 nmethod 2309 0x000002293ff5ce90 code [0x000002293ff5d040, 0x000002293ff5d4b8]
Event: 0.783 Thread 0x000002295e66d800 2310       4       java.security.CodeSource::getCertificates (98 bytes)
Event: 0.783 Thread 0x000002295e66d800 nmethod 2310 0x000002293ff5d710 code [0x000002293ff5d8a0, 0x000002293ff5d938]
Event: 0.784 Thread 0x000002295ebcd000 2311       3       java.lang.invoke.DirectMethodHandle::preparedLambdaForm (31 bytes)
Event: 0.784 Thread 0x000002295ebe4800 2312       3       java.lang.invoke.DirectMethodHandle$Holder::invokeStatic (14 bytes)
Event: 0.784 Thread 0x000002295ebcd000 nmethod 2311 0x0000022938f3dd90 code [0x0000022938f3df80, 0x0000022938f3e1a8]
Event: 0.784 Thread 0x000002295ebe4800 nmethod 2312 0x0000022938f3e310 code [0x0000022938f3e4e0, 0x0000022938f3ea38]
Event: 0.792 Thread 0x000002295e4e4800 2313       3       java.io.WinNTFileSystem::prefixLength (91 bytes)
Event: 0.792 Thread 0x000002295e4e4800 nmethod 2313 0x0000022938f3eb90 code [0x0000022938f3eea0, 0x0000022938f40198]

GC Heap History (4 events):
Event: 0.262 GC heap before
{Heap before GC invocations=0 (full 0):
 garbage-first heap   total 522240K, used 26624K [0x0000000603800000, 0x0000000800000000)
  region size 2048K, 12 young (24576K), 0 survivors (0K)
 Metaspace       used 12048K, capacity 12117K, committed 12160K, reserved 1060864K
  class space    used 1121K, capacity 1142K, committed 1152K, reserved 1048576K
}
Event: 0.265 GC heap after
{Heap after GC invocations=1 (full 0):
 garbage-first heap   total 522240K, used 6777K [0x0000000603800000, 0x0000000800000000)
  region size 2048K, 2 young (4096K), 2 survivors (4096K)
 Metaspace       used 12048K, capacity 12117K, committed 12160K, reserved 1060864K
  class space    used 1121K, capacity 1142K, committed 1152K, reserved 1048576K
}
Event: 0.570 GC heap before
{Heap before GC invocations=1 (full 0):
 garbage-first heap   total 522240K, used 45689K [0x0000000603800000, 0x0000000800000000)
  region size 2048K, 22 young (45056K), 2 survivors (4096K)
 Metaspace       used 20879K, capacity 21105K, committed 21248K, reserved 1069056K
  class space    used 2157K, capacity 2218K, committed 2304K, reserved 1048576K
}
Event: 0.575 GC heap after
{Heap after GC invocations=2 (full 0):
 garbage-first heap   total 522240K, used 10836K [0x0000000603800000, 0x0000000800000000)
  region size 2048K, 4 young (8192K), 4 survivors (8192K)
 Metaspace       used 20879K, capacity 21105K, committed 21248K, reserved 1069056K
  class space    used 2157K, capacity 2218K, committed 2304K, reserved 1048576K
}

Deoptimization events (20 events):
Event: 0.713 Thread 0x00000229347ff800 Uncommon trap: trap_request=0xffffff4d fr.pc=0x000002293ff41768 relative=0x00000000000001c8
Event: 0.713 Thread 0x00000229347ff800 Uncommon trap: reason=unstable_if action=reinterpret pc=0x000002293ff41768 method=java.util.Arrays.hashCode([B)I @ 1 c2
Event: 0.713 Thread 0x00000229347ff800 DEOPT PACKING pc=0x000002293ff41768 sp=0x0000004f85cfe8e0
Event: 0.713 Thread 0x00000229347ff800 DEOPT UNPACKING pc=0x000002293835a1af sp=0x0000004f85cfe850 mode 2
Event: 0.714 Thread 0x00000229347ff800 Uncommon trap: trap_request=0xffffff4d fr.pc=0x000002293ff42874 relative=0x00000000000000d4
Event: 0.714 Thread 0x00000229347ff800 Uncommon trap: reason=unstable_if action=reinterpret pc=0x000002293ff42874 method=jdk.nio.zipfs.ZipConstants.pkSigAt([BIII)Z @ 5 c2
Event: 0.714 Thread 0x00000229347ff800 DEOPT PACKING pc=0x000002293ff42874 sp=0x0000004f85cfe740
Event: 0.714 Thread 0x00000229347ff800 DEOPT UNPACKING pc=0x000002293835a1af sp=0x0000004f85cfe6e8 mode 2
Event: 0.721 Thread 0x00000229347ff800 Uncommon trap: trap_request=0xffffff4d fr.pc=0x000002293ff4506c relative=0x000000000000014c
Event: 0.722 Thread 0x00000229347ff800 Uncommon trap: reason=unstable_if action=reinterpret pc=0x000002293ff4506c method=jdk.nio.zipfs.ZipFileSystem.getParentOff([B)I @ 21 c2
Event: 0.722 Thread 0x00000229347ff800 DEOPT PACKING pc=0x000002293ff4506c sp=0x0000004f85cfe840
Event: 0.722 Thread 0x00000229347ff800 DEOPT UNPACKING pc=0x000002293835a1af sp=0x0000004f85cfe7d8 mode 2
Event: 0.726 Thread 0x00000229347ff800 Uncommon trap: trap_request=0xffffff6e fr.pc=0x000002293ff37074 relative=0x00000000000014b4
Event: 0.726 Thread 0x00000229347ff800 Uncommon trap: reason=speculate_class_check action=maybe_recompile pc=0x000002293ff37074 method=java.util.zip.InflaterInputStream.read([BII)I @ 100 c2
Event: 0.726 Thread 0x00000229347ff800 DEOPT PACKING pc=0x000002293ff37074 sp=0x0000004f85cfe8f0
Event: 0.726 Thread 0x00000229347ff800 DEOPT UNPACKING pc=0x000002293835a1af sp=0x0000004f85cfe950 mode 2
Event: 0.772 Thread 0x00000229347ff800 Uncommon trap: trap_request=0xffffff4d fr.pc=0x000002293ff2feb8 relative=0x0000000000000198
Event: 0.772 Thread 0x00000229347ff800 Uncommon trap: reason=unstable_if action=reinterpret pc=0x000002293ff2feb8 method=java.lang.String.startsWith(Ljava/lang/String;I)Z @ 1 c2
Event: 0.772 Thread 0x00000229347ff800 DEOPT PACKING pc=0x000002293ff2feb8 sp=0x0000004f85cfe2c0
Event: 0.772 Thread 0x00000229347ff800 DEOPT UNPACKING pc=0x000002293835a1af sp=0x0000004f85cfe230 mode 2

Classes redefined (0 events):
No events

Internal exceptions (16 events):
Event: 0.484 Thread 0x00000229347ff800 Exception <a 'java/lang/NoSuchMethodError'{0x0000000621751250}: 'int java.lang.invoke.DirectMethodHandle$Holder.invokeSpecialIFC(java.lang.Object, java.lang.Object, int)'> (0x0000000621751250) thrown at [./src/hotspot/share/interpreter/linkResolver.cpp, line 773]
Event: 0.555 Thread 0x00000229347ff800 Exception <a 'java/lang/NoSuchMethodError'{0x0000000620c71320}: 'java.lang.Object java.lang.invoke.DirectMethodHandle$Holder.invokeStaticInit(java.lang.Object, int)'> (0x0000000620c71320) thrown at [./src/hotspot/share/interpreter/linkResolver.cpp, line 773]
Event: 0.566 Thread 0x00000229347ff800 Exception <a 'java/lang/NoSuchMethodError'{0x0000000620dfadd8}: 'long java.lang.invoke.DirectMethodHandle$Holder.invokeStatic(java.lang.Object)'> (0x0000000620dfadd8) thrown at [./src/hotspot/share/interpreter/linkResolver.cpp, line 773]
Event: 0.566 Thread 0x00000229347ff800 Exception <a 'java/lang/NoSuchMethodError'{0x0000000620dfdc30}: 'long java.lang.invoke.DirectMethodHandle$Holder.invokeStaticInit(java.lang.Object)'> (0x0000000620dfdc30) thrown at [./src/hotspot/share/interpreter/linkResolver.cpp, line 773]
Event: 0.598 Thread 0x00000229347ff800 Exception <a 'java/lang/NoSuchMethodError'{0x00000006233c61c8}: 'int java.lang.invoke.DirectMethodHandle$Holder.invokeStaticInit(java.lang.Object, java.lang.Object, java.lang.Object)'> (0x00000006233c61c8) thrown at [./src/hotspot/share/interpreter/linkResolver.cpp, line 773]
Event: 0.600 Thread 0x00000229347ff800 Exception <a 'java/lang/NoSuchMethodError'{0x00000006233f1bc0}: 'int java.lang.invoke.DirectMethodHandle$Holder.invokeStaticInit(java.lang.Object, java.lang.Object)'> (0x00000006233f1bc0) thrown at [./src/hotspot/share/interpreter/linkResolver.cpp, line 773]
Event: 0.691 Thread 0x00000229347ff800 Exception <a 'java/lang/NoSuchMethodError'{0x0000000622648a18}: 'java.lang.Object java.lang.invoke.DirectMethodHandle$Holder.invokeStatic(java.lang.Object, java.lang.Object, java.lang.Object, java.lang.Object, java.lang.Object, java.lang.Object, java.lang.Object, java.lang.Object, java.lang.Object, java.lang.Object, java.lang.Object, java.lang.Object, java.lang.Object, java.lang.Object, java.lang.Object)'> (0x0000000622648a18) thrown at [./src/hotspot/share/interpreter/linkResolver.cpp, line 773]
Event: 0.691 Thread 0x00000229347ff800 Exception <a 'java/lang/NoSuchMethodError'{0x0000000622656a20}: 'java.lang.Object java.lang.invoke.DirectMethodHandle$Holder.invokeStatic(java.lang.Object, java.lang.Object, java.lang.Object, java.lang.Object, java.lang.Object, java.lang.Object, java.lang.Object, java.lang.Object, java.lang.Object, java.lang.Object, java.lang.Object, java.lang.Object, java.lang.Object, java.lang.Object, java.lang.Object, java.lang.Object)'> (0x0000000622656a20) thrown at [./src/hotspot/share/interpreter/linkResolver.cpp, l
Event: 0.692 Thread 0x00000229347ff800 Exception <a 'java/lang/NoSuchMethodError'{0x0000000622664938}: 'java.lang.Object java.lang.invoke.DirectMethodHandle$Holder.invokeSpecial(java.lang.Object, java.lang.Object, int, int, java.lang.Object, java.lang.Object, java.lang.Object)'> (0x0000000622664938) thrown at [./src/hotspot/share/interpreter/linkResolver.cpp, line 773]
Event: 0.692 Thread 0x00000229347ff800 Exception <a 'java/lang/NoSuchMethodError'{0x0000000622668170}: 'java.lang.Object java.lang.invoke.DelegatingMethodHandle$Holder.reinvoke_L(java.lang.Object, int, int, java.lang.Object, java.lang.Object, java.lang.Object)'> (0x0000000622668170) thrown at [./src/hotspot/share/interpreter/linkResolver.cpp, line 773]
Event: 0.693 Thread 0x00000229347ff800 Exception <a 'java/lang/NoSuchMethodError'{0x000000062266c4f8}: 'java.lang.Object java.lang.invoke.DirectMethodHandle$Holder.invokeStatic(java.lang.Object, java.lang.Object, java.lang.Object, java.lang.Object, int)'> (0x000000062266c4f8) thrown at [./src/hotspot/share/interpreter/linkResolver.cpp, line 773]
Event: 0.713 Thread 0x00000229347ff800 Implicit null exception at 0x000002293ff415ac to 0x000002293ff4175a
Event: 0.728 Thread 0x00000229347ff800 Exception <a 'java/lang/NoSuchMethodError'{0x000000062208eb48}: 'void java.lang.invoke.DirectMethodHandle$Holder.invokeStatic(java.lang.Object, java.lang.Object, java.lang.Object, java.lang.Object)'> (0x000000062208eb48) thrown at [./src/hotspot/share/interpreter/linkResolver.cpp, line 773]
Event: 0.739 Thread 0x00000229347ff800 Exception <a 'java/lang/NoSuchMethodError'{0x00000006221dd308}: 'void java.lang.invoke.DirectMethodHandle$Holder.invokeSpecial(java.lang.Object, java.lang.Object)'> (0x00000006221dd308) thrown at [./src/hotspot/share/interpreter/linkResolver.cpp, line 773]
Event: 0.760 Thread 0x00000229347ff800 Exception <a 'java/lang/NoSuchMethodError'{0x0000000621c85be0}: 'void java.lang.invoke.DirectMethodHandle$Holder.invokeStaticInit(java.lang.Object, java.lang.Object)'> (0x0000000621c85be0) thrown at [./src/hotspot/share/interpreter/linkResolver.cpp, line 773]
Event: 0.763 Thread 0x00000229347ff800 Exception <a 'java/lang/NoSuchMethodError'{0x0000000621cc3ff8}: 'void java.lang.invoke.DirectMethodHandle$Holder.invokeInterface(java.lang.Object, java.lang.Object)'> (0x0000000621cc3ff8) thrown at [./src/hotspot/share/interpreter/linkResolver.cpp, line 773]

Events (20 events):
Event: 0.791 loading class org/jetbrains/kotlin/extensions/internal/CandidateInterceptor
Event: 0.791 loading class org/jetbrains/kotlin/extensions/internal/CandidateInterceptor done
Event: 0.791 loading class org/jetbrains/kotlin/extensions/internal/CandidateInterceptor$Companion
Event: 0.791 loading class org/jetbrains/kotlin/extensions/internal/CandidateInterceptor$Companion done
Event: 0.791 loading class org/jetbrains/kotlin/extensions/internal/CallResolutionInterceptorExtension
Event: 0.791 loading class org/jetbrains/kotlin/extensions/internal/CallResolutionInterceptorExtension done
Event: 0.791 loading class org/jetbrains/kotlin/serialization/DescriptorSerializerPlugin
Event: 0.791 loading class org/jetbrains/kotlin/serialization/DescriptorSerializerPlugin done
Event: 0.791 loading class org/jetbrains/kotlin/serialization/DescriptorSerializerPlugin$Companion
Event: 0.791 loading class org/jetbrains/kotlin/serialization/DescriptorSerializerPlugin$Companion done
Event: 0.791 loading class org/jetbrains/kotlin/config/KotlinCompilerVersion
Event: 0.791 loading class org/jetbrains/kotlin/config/KotlinCompilerVersion done
Event: 0.792 loading class androidx/compose/compiler/plugins/kotlin/ComposableCallChecker
Event: 0.792 loading class androidx/compose/compiler/plugins/kotlin/ComposableCallChecker done
Event: 0.792 loading class org/jetbrains/kotlin/resolve/calls/checkers/CallChecker
Event: 0.792 loading class org/jetbrains/kotlin/resolve/calls/checkers/CallChecker done
Event: 0.792 loading class org/jetbrains/kotlin/resolve/calls/checkers/AdditionalTypeChecker
Event: 0.792 loading class org/jetbrains/kotlin/resolve/calls/checkers/AdditionalTypeChecker done
Event: 0.793 loading class androidx/compose/compiler/plugins/kotlin/ComposableDeclarationChecker
Event: 0.793 loading class androidx/compose/compiler/plugins/kotlin/ComposableDeclarationChecker done


Dynamic libraries:
0x00007ff6ed2b0000 - 0x00007ff6ed2ba000 	C:\Users\yymin\AppData\Local\JetBrains\Toolbox\apps\AndroidStudio\ch-0\212.5712.43.2112.8512546\jre\bin\java.exe
0x00007ffe38c60000 - 0x00007ffe38e69000 	C:\Windows\SYSTEM32\ntdll.dll
0x00007ffe37900000 - 0x00007ffe379bd000 	C:\Windows\System32\KERNEL32.DLL
0x00007ffe366b0000 - 0x00007ffe36a2d000 	C:\Windows\System32\KERNELBASE.dll
0x00007ffe36230000 - 0x00007ffe36341000 	C:\Windows\System32\ucrtbase.dll
0x00007ffe0e060000 - 0x00007ffe0e077000 	C:\Users\yymin\AppData\Local\JetBrains\Toolbox\apps\AndroidStudio\ch-0\212.5712.43.2112.8512546\jre\bin\VCRUNTIME140.dll
0x00007ffe0e650000 - 0x00007ffe0e669000 	C:\Users\yymin\AppData\Local\JetBrains\Toolbox\apps\AndroidStudio\ch-0\212.5712.43.2112.8512546\jre\bin\jli.dll
0x00007ffe37470000 - 0x00007ffe3761d000 	C:\Windows\System32\USER32.dll
0x00007ffe363f0000 - 0x00007ffe36416000 	C:\Windows\System32\win32u.dll
0x00007ffe202e0000 - 0x00007ffe20585000 	C:\Windows\WinSxS\amd64_microsoft.windows.common-controls_6595b64144ccf1df_6.0.22000.120_none_9d947278b86cc467\COMCTL32.dll
0x00007ffe38930000 - 0x00007ffe38959000 	C:\Windows\System32\GDI32.dll
0x00007ffe373b0000 - 0x00007ffe37453000 	C:\Windows\System32\msvcrt.dll
0x00007ffe36420000 - 0x00007ffe36538000 	C:\Windows\System32\gdi32full.dll
0x00007ffe36350000 - 0x00007ffe363ed000 	C:\Windows\System32\msvcp_win.dll
0x00007ffe387b0000 - 0x00007ffe387e1000 	C:\Windows\System32\IMM32.DLL
0x00007ffdef530000 - 0x00007ffdef5cd000 	C:\Users\yymin\AppData\Local\JetBrains\Toolbox\apps\AndroidStudio\ch-0\212.5712.43.2112.8512546\jre\bin\msvcp140.dll
0x00007ffded270000 - 0x00007ffdedd55000 	C:\Users\yymin\AppData\Local\JetBrains\Toolbox\apps\AndroidStudio\ch-0\212.5712.43.2112.8512546\jre\bin\server\jvm.dll
0x00007ffe372a0000 - 0x00007ffe3734e000 	C:\Windows\System32\ADVAPI32.dll
0x00007ffe379c0000 - 0x00007ffe37a5e000 	C:\Windows\System32\sechost.dll
0x00007ffe38960000 - 0x00007ffe38a80000 	C:\Windows\System32\RPCRT4.dll
0x00007ffe38920000 - 0x00007ffe38928000 	C:\Windows\System32\PSAPI.DLL
0x00007ffe27d50000 - 0x00007ffe27d83000 	C:\Windows\SYSTEM32\WINMM.dll
0x00007ffe245c0000 - 0x00007ffe245c9000 	C:\Windows\SYSTEM32\WSOCK32.dll
0x00007ffe305a0000 - 0x00007ffe305aa000 	C:\Windows\SYSTEM32\VERSION.dll
0x00007ffe37620000 - 0x00007ffe3768f000 	C:\Windows\System32\WS2_32.dll
0x00007ffe35280000 - 0x00007ffe35298000 	C:\Windows\SYSTEM32\kernel.appcore.dll
0x00007ffe2fac0000 - 0x00007ffe2fad1000 	C:\Users\yymin\AppData\Local\JetBrains\Toolbox\apps\AndroidStudio\ch-0\212.5712.43.2112.8512546\jre\bin\verify.dll
0x00007ffe2f710000 - 0x00007ffe2f931000 	C:\Windows\SYSTEM32\DBGHELP.DLL
0x00007ffe2f680000 - 0x00007ffe2f6b1000 	C:\Windows\SYSTEM32\dbgcore.DLL
0x00007ffe361b0000 - 0x00007ffe3622f000 	C:\Windows\System32\bcryptPrimitives.dll
0x00007ffe2b440000 - 0x00007ffe2b469000 	C:\Users\yymin\AppData\Local\JetBrains\Toolbox\apps\AndroidStudio\ch-0\212.5712.43.2112.8512546\jre\bin\java.dll
0x00007ffe2fb00000 - 0x00007ffe2fb0b000 	C:\Users\yymin\AppData\Local\JetBrains\Toolbox\apps\AndroidStudio\ch-0\212.5712.43.2112.8512546\jre\bin\jimage.dll
0x00007ffe2eeb0000 - 0x00007ffe2eec8000 	C:\Users\yymin\AppData\Local\JetBrains\Toolbox\apps\AndroidStudio\ch-0\212.5712.43.2112.8512546\jre\bin\zip.dll
0x00007ffe37ac0000 - 0x00007ffe38278000 	C:\Windows\System32\SHELL32.dll
0x00007ffe34230000 - 0x00007ffe34a98000 	C:\Windows\SYSTEM32\windows.storage.dll
0x00007ffe38280000 - 0x00007ffe385f9000 	C:\Windows\System32\combase.dll
0x00007ffe340c0000 - 0x00007ffe34226000 	C:\Windows\SYSTEM32\wintypes.dll
0x00007ffe36b50000 - 0x00007ffe36c3a000 	C:\Windows\System32\SHCORE.dll
0x00007ffe37350000 - 0x00007ffe373ad000 	C:\Windows\System32\shlwapi.dll
0x00007ffe36070000 - 0x00007ffe36091000 	C:\Windows\SYSTEM32\profapi.dll
0x00007ffe2d980000 - 0x00007ffe2d99a000 	C:\Users\yymin\AppData\Local\JetBrains\Toolbox\apps\AndroidStudio\ch-0\212.5712.43.2112.8512546\jre\bin\net.dll
0x00007ffe30fd0000 - 0x00007ffe310dc000 	C:\Windows\SYSTEM32\WINHTTP.dll
0x00007ffe35710000 - 0x00007ffe35777000 	C:\Windows\system32\mswsock.dll
0x00007ffe2d930000 - 0x00007ffe2d944000 	C:\Users\yymin\AppData\Local\JetBrains\Toolbox\apps\AndroidStudio\ch-0\212.5712.43.2112.8512546\jre\bin\nio.dll

dbghelp: loaded successfully - version: 4.0.5 - missing functions: none
symbol engine: initialized successfully - sym options: 0x614 - pdb path: .;C:\Users\yymin\AppData\Local\JetBrains\Toolbox\apps\AndroidStudio\ch-0\212.5712.43.2112.8512546\jre\bin;C:\Windows\SYSTEM32;C:\Windows\WinSxS\amd64_microsoft.windows.common-controls_6595b64144ccf1df_6.0.22000.120_none_9d947278b86cc467;C:\Users\yymin\AppData\Local\JetBrains\Toolbox\apps\AndroidStudio\ch-0\212.5712.43.2112.8512546\jre\bin\server

VM Arguments:
java_command: org.jetbrains.kotlin.cli.jvm.K2JVMCompiler @D:\Projects\Android\Blog_LR_Android\app\build\20220729_12391091806061838478.compiler.options
java_class_path (initial): C:\Users\yymin\.gradle\caches\modules-2\files-2.1\org.jetbrains.kotlin\kotlin-compiler-embeddable\1.5.31\cc18c29253541dc57c25c3ef514d63c7953ae1a6\kotlin-compiler-embeddable-1.5.31.jar;C:\Users\yymin\.gradle\caches\modules-2\files-2.1\org.jetbrains.kotlin\kotlin-reflect\1.5.31\1523fcd842a47da0820cea772b19c51056fec8a9\kotlin-reflect-1.5.31.jar;C:\Users\yymin\.gradle\caches\modules-2\files-2.1\org.jetbrains.kotlin\kotlin-stdlib\1.5.31\6628d61d0f5603568e72d2d5915d2c034b4f1c55\kotlin-stdlib-1.5.31.jar;C:\Users\yymin\.gradle\caches\modules-2\files-2.1\org.jetbrains.kotlin\kotlin-script-runtime\1.5.31\aaea854be2cfc06373dfc11be5a6ba9ca5ca84a6\kotlin-script-runtime-1.5.31.jar;C:\Users\yymin\.gradle\caches\modules-2\files-2.1\org.jetbrains.kotlin\kotlin-daemon-embeddable\1.5.31\d19b549661e28c62781683dc7c7e34bf416974f1\kotlin-daemon-embeddable-1.5.31.jar;C:\Users\yymin\.gradle\caches\modules-2\files-2.1\org.jetbrains.intellij.deps\trove4j\1.0.20181211\216c2e14b070f334479d800987affe4054cd563f\trove4j-1.0.20181211.jar;C:\Users\yymin\.gradle\caches\modules-2\files-2.1\org.jetbrains\annotations\13.0\919f0dfe192fb4e063e7dacadee7f8bb9a2672a9\annotations-13.0.jar;C:\Users\yymin\.gradle\caches\modules-2\files-2.1\org.jetbrains.kotlin\kotlin-stdlib-common\1.5.31\43331609c7de811fed085e0dfd150874b157c32\kotlin-stdlib-common-1.5.31.jar
Launcher Type: SUN_STANDARD

[Global flags]
     intx CICompilerCount                          = 12                                        {product} {ergonomic}
     uint ConcGCThreads                            = 3                                         {product} {ergonomic}
     uint G1ConcRefinementThreads                  = 13                                        {product} {ergonomic}
   size_t G1HeapRegionSize                         = 2097152                                   {product} {ergonomic}
    uintx GCDrainStackTargetSize                   = 64                                        {product} {ergonomic}
   size_t InitialHeapSize                          = 534773760                                 {product} {ergonomic}
   size_t MarkStackSize                            = 4194304                                   {product} {ergonomic}
   size_t MaxHeapSize                              = 8531214336                                {product} {ergonomic}
   size_t MaxNewSize                               = 5117050880                                {product} {ergonomic}
   size_t MinHeapDeltaBytes                        = 2097152                                   {product} {ergonomic}
    uintx NonNMethodCodeHeapSize                   = 7594288                                {pd product} {ergonomic}
    uintx NonProfiledCodeHeapSize                  = 122031976                              {pd product} {ergonomic}
    uintx ProfiledCodeHeapSize                     = 122031976                              {pd product} {ergonomic}
    uintx ReservedCodeCacheSize                    = 251658240                              {pd product} {ergonomic}
     bool SegmentedCodeCache                       = true                                      {product} {ergonomic}
     bool UseCompressedClassPointers               = true                                 {lp64_product} {ergonomic}
     bool UseCompressedOops                        = true                                 {lp64_product} {ergonomic}
     bool UseG1GC                                  = true                                      {product} {ergonomic}
     bool UseLargePagesIndividualAllocation        = false                                  {pd product} {ergonomic}

Logging:
Log output configuration:
 #0: stdout all=warning uptime,level,tags
 #1: stderr all=off uptime,level,tags

Environment Variables:
PATH=C:\Users\yymin\AppData\Local\Programs\Python\Python310\Scripts\;C:\Users\yymin\AppData\Local\Programs\Python\Python310\;C:\Program Files\Common Files\Oracle\Java\javapath;C:\Windows\system32;C:\Windows;C:\Windows\System32\Wbem;C:\Windows\System32\WindowsPowerShell\v1.0\;C:\Windows\System32\OpenSSH\;C:\Program Files (x86)\NVIDIA Corporation\PhysX\Common;C:\Program Files\dotnet\;C:\Program Files\usbipd-win\;C:\Program Files\Git\cmd;D:\SDK\Node.JS\;C:\ProgramData\chocolatey\bin;;C:\Program Files\NVIDIA Corporation\NVIDIA NvDLISR;C:\Program Files\PowerShell\7\;C:\Users\yymin\AppData\Local\Microsoft\WindowsApps;C:\Program Files\Bandizip\;C:\Users\yymin\.dotnet\tools;D:\SDK\Flutter\bin;D:\SDK\Android\platform-tools;C:\Users\yymin\AppData\Roaming\npm;D:\SDK\Node.JS;;C:\Users\yymin\AppData\Local\JetBrains\Toolbox\scripts
USERNAME=yymin
OS=Windows_NT
PROCESSOR_IDENTIFIER=Intel64 Family 6 Model 151 Stepping 2, GenuineIntel



---------------  S Y S T E M  ---------------

OS: Windows 10 , 64 bit Build 22000 (10.0.22000.708)
OS uptime: 4 days 2:07 hours
Hyper-V role detected

CPU:total 16 (initial active 16) (8 cores per cpu, 2 threads per core) family 6 model 151 stepping 2 microcode 0x18, cmov, cx8, fxsr, mmx, sse, sse2, sse3, ssse3, sse4.1, sse4.2, popcnt, avx, avx2, aes, clmul, erms, 3dnowpref, lzcnt, ht, tsc, tscinvbit, bmi1, bmi2, adx, sha, fma

Memory: 4k page, system-wide physical 32542M (13355M free)
TotalPageFile size 92065M (AvailPageFile size 0M)
current process WorkingSet (physical memory assigned to process): 173M, peak: 173M
current process commit charge ("private bytes"): 671M, peak: 672M

vm_info: OpenJDK 64-Bit Server VM (11.0.12+7-b1504.28-7817840) for windows-amd64 JRE (11.0.12+7-b1504.28-7817840), built on Oct 13 2021 22:12:33 by "builder" with MS VC++ 14.0 (VS2015)

END.
